2025-08-09 23:31:13,622 ERROR: Database health check failed: Textual SQL expression 'SELECT 1' should be explicitly declared as text('SELECT 1') [in /home/sydney/HeliosOS/app/routes.py:42]
2025-08-09 23:31:17,633 ERROR: Summarization failed: RetryError[<Future at 0x7fd36abb4230 state=finished raised AIServiceError>] [in /home/sydney/HeliosOS/app/ai_client.py:96]
2025-08-09 23:31:17,697 ERROR: Failed to log AI interaction: The current Flask app is not registered with this 'SQLAlchemy' instance. Did you forget to call 'init_app', or did you create multiple 'SQLAlchemy' instances? [in /home/sydney/HeliosOS/app/ai_client.py:234]
2025-08-09 23:31:17,699 ERROR: Exception on /health [GET] [in /home/sydney/HeliosOS/venv/lib/python3.12/site-packages/flask/app.py:875]
Traceback (most recent call last):
  File "/home/sydney/HeliosOS/venv/lib/python3.12/site-packages/flask/app.py", line 1511, in wsgi_app
    response = self.full_dispatch_request()
               ^^^^^^^^^^^^^^^^^^^^^^^^^^^^
  File "/home/sydney/HeliosOS/venv/lib/python3.12/site-packages/flask/app.py", line 919, in full_dispatch_request
    rv = self.handle_user_exception(e)
         ^^^^^^^^^^^^^^^^^^^^^^^^^^^^^
  File "/home/sydney/HeliosOS/venv/lib/python3.12/site-packages/flask/app.py", line 917, in full_dispatch_request
    rv = self.dispatch_request()
         ^^^^^^^^^^^^^^^^^^^^^^^
  File "/home/sydney/HeliosOS/venv/lib/python3.12/site-packages/flask/app.py", line 902, in dispatch_request
    return self.ensure_sync(self.view_functions[rule.endpoint])(**view_args)  # type: ignore[no-any-return]
           ^^^^^^^^^^^^^^^^^^^^^^^^^^^^^^^^^^^^^^^^^^^^^^^^^^^^^^^^^^^^^^^^^
  File "/home/sydney/HeliosOS/app/routes.py", line 64, in health_check
    'timestamp': time.time()
                 ^^^^
NameError: name 'time' is not defined. Did you forget to import 'time'
2025-08-09 23:31:20,806 ERROR: Database health check failed: Textual SQL expression 'SELECT 1' should be explicitly declared as text('SELECT 1') [in /home/sydney/HeliosOS/app/routes.py:42]
2025-08-09 23:31:24,811 ERROR: Summarization failed: RetryError[<Future at 0x7fd36a781cd0 state=finished raised AIServiceError>] [in /home/sydney/HeliosOS/app/ai_client.py:96]
2025-08-09 23:31:24,813 ERROR: Failed to log AI interaction: The current Flask app is not registered with this 'SQLAlchemy' instance. Did you forget to call 'init_app', or did you create multiple 'SQLAlchemy' instances? [in /home/sydney/HeliosOS/app/ai_client.py:234]
2025-08-09 23:31:24,814 ERROR: Exception on /health [GET] [in /home/sydney/HeliosOS/venv/lib/python3.12/site-packages/flask/app.py:875]
Traceback (most recent call last):
  File "/home/sydney/HeliosOS/venv/lib/python3.12/site-packages/flask/app.py", line 1511, in wsgi_app
    response = self.full_dispatch_request()
               ^^^^^^^^^^^^^^^^^^^^^^^^^^^^
  File "/home/sydney/HeliosOS/venv/lib/python3.12/site-packages/flask/app.py", line 919, in full_dispatch_request
    rv = self.handle_user_exception(e)
         ^^^^^^^^^^^^^^^^^^^^^^^^^^^^^
  File "/home/sydney/HeliosOS/venv/lib/python3.12/site-packages/flask/app.py", line 917, in full_dispatch_request
    rv = self.dispatch_request()
         ^^^^^^^^^^^^^^^^^^^^^^^
  File "/home/sydney/HeliosOS/venv/lib/python3.12/site-packages/flask/app.py", line 902, in dispatch_request
    return self.ensure_sync(self.view_functions[rule.endpoint])(**view_args)  # type: ignore[no-any-return]
           ^^^^^^^^^^^^^^^^^^^^^^^^^^^^^^^^^^^^^^^^^^^^^^^^^^^^^^^^^^^^^^^^^
  File "/home/sydney/HeliosOS/app/routes.py", line 64, in health_check
    'timestamp': time.time()
                 ^^^^
NameError: name 'time' is not defined. Did you forget to import 'time'
2025-08-09 23:31:44,337 ERROR: Database health check failed: Textual SQL expression 'SELECT 1' should be explicitly declared as text('SELECT 1') [in /home/sydney/HeliosOS/app/routes.py:42]
2025-08-09 23:31:48,341 ERROR: Summarization failed: RetryError[<Future at 0x7fd36a780ad0 state=finished raised AIServiceError>] [in /home/sydney/HeliosOS/app/ai_client.py:96]
2025-08-09 23:31:48,344 ERROR: Failed to log AI interaction: The current Flask app is not registered with this 'SQLAlchemy' instance. Did you forget to call 'init_app', or did you create multiple 'SQLAlchemy' instances? [in /home/sydney/HeliosOS/app/ai_client.py:234]
2025-08-09 23:31:48,346 ERROR: Exception on /health [GET] [in /home/sydney/HeliosOS/venv/lib/python3.12/site-packages/flask/app.py:875]
Traceback (most recent call last):
  File "/home/sydney/HeliosOS/venv/lib/python3.12/site-packages/flask/app.py", line 1511, in wsgi_app
    response = self.full_dispatch_request()
               ^^^^^^^^^^^^^^^^^^^^^^^^^^^^
  File "/home/sydney/HeliosOS/venv/lib/python3.12/site-packages/flask/app.py", line 919, in full_dispatch_request
    rv = self.handle_user_exception(e)
         ^^^^^^^^^^^^^^^^^^^^^^^^^^^^^
  File "/home/sydney/HeliosOS/venv/lib/python3.12/site-packages/flask/app.py", line 917, in full_dispatch_request
    rv = self.dispatch_request()
         ^^^^^^^^^^^^^^^^^^^^^^^
  File "/home/sydney/HeliosOS/venv/lib/python3.12/site-packages/flask/app.py", line 902, in dispatch_request
    return self.ensure_sync(self.view_functions[rule.endpoint])(**view_args)  # type: ignore[no-any-return]
           ^^^^^^^^^^^^^^^^^^^^^^^^^^^^^^^^^^^^^^^^^^^^^^^^^^^^^^^^^^^^^^^^^
  File "/home/sydney/HeliosOS/app/routes.py", line 64, in health_check
    'timestamp': time.time()
                 ^^^^
NameError: name 'time' is not defined. Did you forget to import 'time'
2025-08-09 23:31:51,028 ERROR: Database health check failed: Textual SQL expression 'SELECT 1' should be explicitly declared as text('SELECT 1') [in /home/sydney/HeliosOS/app/routes.py:42]
2025-08-09 23:31:55,030 ERROR: Summarization failed: RetryError[<Future at 0x7fd36a782b70 state=finished raised AIServiceError>] [in /home/sydney/HeliosOS/app/ai_client.py:96]
2025-08-09 23:31:55,032 ERROR: Failed to log AI interaction: The current Flask app is not registered with this 'SQLAlchemy' instance. Did you forget to call 'init_app', or did you create multiple 'SQLAlchemy' instances? [in /home/sydney/HeliosOS/app/ai_client.py:234]
2025-08-09 23:31:55,033 ERROR: Exception on /health [GET] [in /home/sydney/HeliosOS/venv/lib/python3.12/site-packages/flask/app.py:875]
Traceback (most recent call last):
  File "/home/sydney/HeliosOS/venv/lib/python3.12/site-packages/flask/app.py", line 1511, in wsgi_app
    response = self.full_dispatch_request()
               ^^^^^^^^^^^^^^^^^^^^^^^^^^^^
  File "/home/sydney/HeliosOS/venv/lib/python3.12/site-packages/flask/app.py", line 919, in full_dispatch_request
    rv = self.handle_user_exception(e)
         ^^^^^^^^^^^^^^^^^^^^^^^^^^^^^
  File "/home/sydney/HeliosOS/venv/lib/python3.12/site-packages/flask/app.py", line 917, in full_dispatch_request
    rv = self.dispatch_request()
         ^^^^^^^^^^^^^^^^^^^^^^^
  File "/home/sydney/HeliosOS/venv/lib/python3.12/site-packages/flask/app.py", line 902, in dispatch_request
    return self.ensure_sync(self.view_functions[rule.endpoint])(**view_args)  # type: ignore[no-any-return]
           ^^^^^^^^^^^^^^^^^^^^^^^^^^^^^^^^^^^^^^^^^^^^^^^^^^^^^^^^^^^^^^^^^
  File "/home/sydney/HeliosOS/app/routes.py", line 64, in health_check
    'timestamp': time.time()
                 ^^^^
NameError: name 'time' is not defined. Did you forget to import 'time'
2025-08-09 23:32:14,475 ERROR: Database health check failed: Textual SQL expression 'SELECT 1' should be explicitly declared as text('SELECT 1') [in /home/sydney/HeliosOS/app/routes.py:42]
2025-08-09 23:32:18,478 ERROR: Summarization failed: RetryError[<Future at 0x7fd36a783c80 state=finished raised AIServiceError>] [in /home/sydney/HeliosOS/app/ai_client.py:96]
2025-08-09 23:32:18,480 ERROR: Failed to log AI interaction: The current Flask app is not registered with this 'SQLAlchemy' instance. Did you forget to call 'init_app', or did you create multiple 'SQLAlchemy' instances? [in /home/sydney/HeliosOS/app/ai_client.py:234]
2025-08-09 23:32:18,481 ERROR: Exception on /health [GET] [in /home/sydney/HeliosOS/venv/lib/python3.12/site-packages/flask/app.py:875]
Traceback (most recent call last):
  File "/home/sydney/HeliosOS/venv/lib/python3.12/site-packages/flask/app.py", line 1511, in wsgi_app
    response = self.full_dispatch_request()
               ^^^^^^^^^^^^^^^^^^^^^^^^^^^^
  File "/home/sydney/HeliosOS/venv/lib/python3.12/site-packages/flask/app.py", line 919, in full_dispatch_request
    rv = self.handle_user_exception(e)
         ^^^^^^^^^^^^^^^^^^^^^^^^^^^^^
  File "/home/sydney/HeliosOS/venv/lib/python3.12/site-packages/flask/app.py", line 917, in full_dispatch_request
    rv = self.dispatch_request()
         ^^^^^^^^^^^^^^^^^^^^^^^
  File "/home/sydney/HeliosOS/venv/lib/python3.12/site-packages/flask/app.py", line 902, in dispatch_request
    return self.ensure_sync(self.view_functions[rule.endpoint])(**view_args)  # type: ignore[no-any-return]
           ^^^^^^^^^^^^^^^^^^^^^^^^^^^^^^^^^^^^^^^^^^^^^^^^^^^^^^^^^^^^^^^^^
  File "/home/sydney/HeliosOS/app/routes.py", line 64, in health_check
    'timestamp': time.time()
                 ^^^^
NameError: name 'time' is not defined. Did you forget to import 'time'
2025-08-09 23:32:21,403 ERROR: Database health check failed: Textual SQL expression 'SELECT 1' should be explicitly declared as text('SELECT 1') [in /home/sydney/HeliosOS/app/routes.py:42]
2025-08-09 23:32:25,405 ERROR: Summarization failed: RetryError[<Future at 0x7fd36a7b4f80 state=finished raised AIServiceError>] [in /home/sydney/HeliosOS/app/ai_client.py:96]
2025-08-09 23:32:25,406 ERROR: Failed to log AI interaction: The current Flask app is not registered with this 'SQLAlchemy' instance. Did you forget to call 'init_app', or did you create multiple 'SQLAlchemy' instances? [in /home/sydney/HeliosOS/app/ai_client.py:234]
2025-08-09 23:32:25,407 ERROR: Exception on /health [GET] [in /home/sydney/HeliosOS/venv/lib/python3.12/site-packages/flask/app.py:875]
Traceback (most recent call last):
  File "/home/sydney/HeliosOS/venv/lib/python3.12/site-packages/flask/app.py", line 1511, in wsgi_app
    response = self.full_dispatch_request()
               ^^^^^^^^^^^^^^^^^^^^^^^^^^^^
  File "/home/sydney/HeliosOS/venv/lib/python3.12/site-packages/flask/app.py", line 919, in full_dispatch_request
    rv = self.handle_user_exception(e)
         ^^^^^^^^^^^^^^^^^^^^^^^^^^^^^
  File "/home/sydney/HeliosOS/venv/lib/python3.12/site-packages/flask/app.py", line 917, in full_dispatch_request
    rv = self.dispatch_request()
         ^^^^^^^^^^^^^^^^^^^^^^^
  File "/home/sydney/HeliosOS/venv/lib/python3.12/site-packages/flask/app.py", line 902, in dispatch_request
    return self.ensure_sync(self.view_functions[rule.endpoint])(**view_args)  # type: ignore[no-any-return]
           ^^^^^^^^^^^^^^^^^^^^^^^^^^^^^^^^^^^^^^^^^^^^^^^^^^^^^^^^^^^^^^^^^
  File "/home/sydney/HeliosOS/app/routes.py", line 64, in health_check
    'timestamp': time.time()
                 ^^^^
NameError: name 'time' is not defined. Did you forget to import 'time'
2025-08-09 23:32:44,264 ERROR: Database health check failed: Textual SQL expression 'SELECT 1' should be explicitly declared as text('SELECT 1') [in /home/sydney/HeliosOS/app/routes.py:42]
2025-08-09 23:32:48,272 ERROR: Summarization failed: RetryError[<Future at 0x7fd36a7b6090 state=finished raised AIServiceError>] [in /home/sydney/HeliosOS/app/ai_client.py:96]
2025-08-09 23:32:48,274 ERROR: Failed to log AI interaction: The current Flask app is not registered with this 'SQLAlchemy' instance. Did you forget to call 'init_app', or did you create multiple 'SQLAlchemy' instances? [in /home/sydney/HeliosOS/app/ai_client.py:234]
2025-08-09 23:32:48,277 ERROR: Exception on /health [GET] [in /home/sydney/HeliosOS/venv/lib/python3.12/site-packages/flask/app.py:875]
Traceback (most recent call last):
  File "/home/sydney/HeliosOS/venv/lib/python3.12/site-packages/flask/app.py", line 1511, in wsgi_app
    response = self.full_dispatch_request()
               ^^^^^^^^^^^^^^^^^^^^^^^^^^^^
  File "/home/sydney/HeliosOS/venv/lib/python3.12/site-packages/flask/app.py", line 919, in full_dispatch_request
    rv = self.handle_user_exception(e)
         ^^^^^^^^^^^^^^^^^^^^^^^^^^^^^
  File "/home/sydney/HeliosOS/venv/lib/python3.12/site-packages/flask/app.py", line 917, in full_dispatch_request
    rv = self.dispatch_request()
         ^^^^^^^^^^^^^^^^^^^^^^^
  File "/home/sydney/HeliosOS/venv/lib/python3.12/site-packages/flask/app.py", line 902, in dispatch_request
    return self.ensure_sync(self.view_functions[rule.endpoint])(**view_args)  # type: ignore[no-any-return]
           ^^^^^^^^^^^^^^^^^^^^^^^^^^^^^^^^^^^^^^^^^^^^^^^^^^^^^^^^^^^^^^^^^
  File "/home/sydney/HeliosOS/app/routes.py", line 64, in health_check
    'timestamp': time.time()
                 ^^^^
NameError: name 'time' is not defined. Did you forget to import 'time'
2025-08-09 23:32:51,376 ERROR: Database health check failed: Textual SQL expression 'SELECT 1' should be explicitly declared as text('SELECT 1') [in /home/sydney/HeliosOS/app/routes.py:42]
2025-08-09 23:32:55,379 ERROR: Summarization failed: RetryError[<Future at 0x7fd36a7b7320 state=finished raised AIServiceError>] [in /home/sydney/HeliosOS/app/ai_client.py:96]
2025-08-09 23:32:55,381 ERROR: Failed to log AI interaction: The current Flask app is not registered with this 'SQLAlchemy' instance. Did you forget to call 'init_app', or did you create multiple 'SQLAlchemy' instances? [in /home/sydney/HeliosOS/app/ai_client.py:234]
2025-08-09 23:32:55,381 ERROR: Exception on /health [GET] [in /home/sydney/HeliosOS/venv/lib/python3.12/site-packages/flask/app.py:875]
Traceback (most recent call last):
  File "/home/sydney/HeliosOS/venv/lib/python3.12/site-packages/flask/app.py", line 1511, in wsgi_app
    response = self.full_dispatch_request()
               ^^^^^^^^^^^^^^^^^^^^^^^^^^^^
  File "/home/sydney/HeliosOS/venv/lib/python3.12/site-packages/flask/app.py", line 919, in full_dispatch_request
    rv = self.handle_user_exception(e)
         ^^^^^^^^^^^^^^^^^^^^^^^^^^^^^
  File "/home/sydney/HeliosOS/venv/lib/python3.12/site-packages/flask/app.py", line 917, in full_dispatch_request
    rv = self.dispatch_request()
         ^^^^^^^^^^^^^^^^^^^^^^^
  File "/home/sydney/HeliosOS/venv/lib/python3.12/site-packages/flask/app.py", line 902, in dispatch_request
    return self.ensure_sync(self.view_functions[rule.endpoint])(**view_args)  # type: ignore[no-any-return]
           ^^^^^^^^^^^^^^^^^^^^^^^^^^^^^^^^^^^^^^^^^^^^^^^^^^^^^^^^^^^^^^^^^
  File "/home/sydney/HeliosOS/app/routes.py", line 64, in health_check
    'timestamp': time.time()
                 ^^^^
NameError: name 'time' is not defined. Did you forget to import 'time'
2025-08-09 23:33:14,260 ERROR: Database health check failed: Textual SQL expression 'SELECT 1' should be explicitly declared as text('SELECT 1') [in /home/sydney/HeliosOS/app/routes.py:42]
2025-08-09 23:33:18,263 ERROR: Summarization failed: RetryError[<Future at 0x7fd369dd04a0 state=finished raised AIServiceError>] [in /home/sydney/HeliosOS/app/ai_client.py:96]
2025-08-09 23:33:18,264 ERROR: Failed to log AI interaction: The current Flask app is not registered with this 'SQLAlchemy' instance. Did you forget to call 'init_app', or did you create multiple 'SQLAlchemy' instances? [in /home/sydney/HeliosOS/app/ai_client.py:234]
2025-08-09 23:33:18,265 ERROR: Exception on /health [GET] [in /home/sydney/HeliosOS/venv/lib/python3.12/site-packages/flask/app.py:875]
Traceback (most recent call last):
  File "/home/sydney/HeliosOS/venv/lib/python3.12/site-packages/flask/app.py", line 1511, in wsgi_app
    response = self.full_dispatch_request()
               ^^^^^^^^^^^^^^^^^^^^^^^^^^^^
  File "/home/sydney/HeliosOS/venv/lib/python3.12/site-packages/flask/app.py", line 919, in full_dispatch_request
    rv = self.handle_user_exception(e)
         ^^^^^^^^^^^^^^^^^^^^^^^^^^^^^
  File "/home/sydney/HeliosOS/venv/lib/python3.12/site-packages/flask/app.py", line 917, in full_dispatch_request
    rv = self.dispatch_request()
         ^^^^^^^^^^^^^^^^^^^^^^^
  File "/home/sydney/HeliosOS/venv/lib/python3.12/site-packages/flask/app.py", line 902, in dispatch_request
    return self.ensure_sync(self.view_functions[rule.endpoint])(**view_args)  # type: ignore[no-any-return]
           ^^^^^^^^^^^^^^^^^^^^^^^^^^^^^^^^^^^^^^^^^^^^^^^^^^^^^^^^^^^^^^^^^
  File "/home/sydney/HeliosOS/app/routes.py", line 64, in health_check
    'timestamp': time.time()
                 ^^^^
NameError: name 'time' is not defined. Did you forget to import 'time'
2025-08-09 23:33:21,730 ERROR: Database health check failed: Textual SQL expression 'SELECT 1' should be explicitly declared as text('SELECT 1') [in /home/sydney/HeliosOS/app/routes.py:42]
2025-08-09 23:33:25,735 ERROR: Summarization failed: RetryError[<Future at 0x7fd369dd1760 state=finished raised AIServiceError>] [in /home/sydney/HeliosOS/app/ai_client.py:96]
2025-08-09 23:33:25,737 ERROR: Failed to log AI interaction: The current Flask app is not registered with this 'SQLAlchemy' instance. Did you forget to call 'init_app', or did you create multiple 'SQLAlchemy' instances? [in /home/sydney/HeliosOS/app/ai_client.py:234]
2025-08-09 23:33:25,737 ERROR: Exception on /health [GET] [in /home/sydney/HeliosOS/venv/lib/python3.12/site-packages/flask/app.py:875]
Traceback (most recent call last):
  File "/home/sydney/HeliosOS/venv/lib/python3.12/site-packages/flask/app.py", line 1511, in wsgi_app
    response = self.full_dispatch_request()
               ^^^^^^^^^^^^^^^^^^^^^^^^^^^^
  File "/home/sydney/HeliosOS/venv/lib/python3.12/site-packages/flask/app.py", line 919, in full_dispatch_request
    rv = self.handle_user_exception(e)
         ^^^^^^^^^^^^^^^^^^^^^^^^^^^^^
  File "/home/sydney/HeliosOS/venv/lib/python3.12/site-packages/flask/app.py", line 917, in full_dispatch_request
    rv = self.dispatch_request()
         ^^^^^^^^^^^^^^^^^^^^^^^
  File "/home/sydney/HeliosOS/venv/lib/python3.12/site-packages/flask/app.py", line 902, in dispatch_request
    return self.ensure_sync(self.view_functions[rule.endpoint])(**view_args)  # type: ignore[no-any-return]
           ^^^^^^^^^^^^^^^^^^^^^^^^^^^^^^^^^^^^^^^^^^^^^^^^^^^^^^^^^^^^^^^^^
  File "/home/sydney/HeliosOS/app/routes.py", line 64, in health_check
    'timestamp': time.time()
                 ^^^^
NameError: name 'time' is not defined. Did you forget to import 'time'
2025-08-09 23:33:44,362 ERROR: Database health check failed: Textual SQL expression 'SELECT 1' should be explicitly declared as text('SELECT 1') [in /home/sydney/HeliosOS/app/routes.py:42]
2025-08-09 23:33:48,366 ERROR: Summarization failed: RetryError[<Future at 0x7fd369dd28a0 state=finished raised AIServiceError>] [in /home/sydney/HeliosOS/app/ai_client.py:96]
2025-08-09 23:33:48,368 ERROR: Failed to log AI interaction: The current Flask app is not registered with this 'SQLAlchemy' instance. Did you forget to call 'init_app', or did you create multiple 'SQLAlchemy' instances? [in /home/sydney/HeliosOS/app/ai_client.py:234]
2025-08-09 23:33:48,369 ERROR: Exception on /health [GET] [in /home/sydney/HeliosOS/venv/lib/python3.12/site-packages/flask/app.py:875]
Traceback (most recent call last):
  File "/home/sydney/HeliosOS/venv/lib/python3.12/site-packages/flask/app.py", line 1511, in wsgi_app
    response = self.full_dispatch_request()
               ^^^^^^^^^^^^^^^^^^^^^^^^^^^^
  File "/home/sydney/HeliosOS/venv/lib/python3.12/site-packages/flask/app.py", line 919, in full_dispatch_request
    rv = self.handle_user_exception(e)
         ^^^^^^^^^^^^^^^^^^^^^^^^^^^^^
  File "/home/sydney/HeliosOS/venv/lib/python3.12/site-packages/flask/app.py", line 917, in full_dispatch_request
    rv = self.dispatch_request()
         ^^^^^^^^^^^^^^^^^^^^^^^
  File "/home/sydney/HeliosOS/venv/lib/python3.12/site-packages/flask/app.py", line 902, in dispatch_request
    return self.ensure_sync(self.view_functions[rule.endpoint])(**view_args)  # type: ignore[no-any-return]
           ^^^^^^^^^^^^^^^^^^^^^^^^^^^^^^^^^^^^^^^^^^^^^^^^^^^^^^^^^^^^^^^^^
  File "/home/sydney/HeliosOS/app/routes.py", line 64, in health_check
    'timestamp': time.time()
                 ^^^^
NameError: name 'time' is not defined. Did you forget to import 'time'
2025-08-09 23:33:51,478 ERROR: Database health check failed: Textual SQL expression 'SELECT 1' should be explicitly declared as text('SELECT 1') [in /home/sydney/HeliosOS/app/routes.py:42]
2025-08-09 23:33:55,480 ERROR: Summarization failed: RetryError[<Future at 0x7fd369dd3b90 state=finished raised AIServiceError>] [in /home/sydney/HeliosOS/app/ai_client.py:96]
2025-08-09 23:33:55,498 ERROR: Failed to log AI interaction: The current Flask app is not registered with this 'SQLAlchemy' instance. Did you forget to call 'init_app', or did you create multiple 'SQLAlchemy' instances? [in /home/sydney/HeliosOS/app/ai_client.py:234]
2025-08-09 23:33:55,499 ERROR: Exception on /health [GET] [in /home/sydney/HeliosOS/venv/lib/python3.12/site-packages/flask/app.py:875]
Traceback (most recent call last):
  File "/home/sydney/HeliosOS/venv/lib/python3.12/site-packages/flask/app.py", line 1511, in wsgi_app
    response = self.full_dispatch_request()
               ^^^^^^^^^^^^^^^^^^^^^^^^^^^^
  File "/home/sydney/HeliosOS/venv/lib/python3.12/site-packages/flask/app.py", line 919, in full_dispatch_request
    rv = self.handle_user_exception(e)
         ^^^^^^^^^^^^^^^^^^^^^^^^^^^^^
  File "/home/sydney/HeliosOS/venv/lib/python3.12/site-packages/flask/app.py", line 917, in full_dispatch_request
    rv = self.dispatch_request()
         ^^^^^^^^^^^^^^^^^^^^^^^
  File "/home/sydney/HeliosOS/venv/lib/python3.12/site-packages/flask/app.py", line 902, in dispatch_request
    return self.ensure_sync(self.view_functions[rule.endpoint])(**view_args)  # type: ignore[no-any-return]
           ^^^^^^^^^^^^^^^^^^^^^^^^^^^^^^^^^^^^^^^^^^^^^^^^^^^^^^^^^^^^^^^^^
  File "/home/sydney/HeliosOS/app/routes.py", line 64, in health_check
    'timestamp': time.time()
                 ^^^^
NameError: name 'time' is not defined. Did you forget to import 'time'
2025-08-09 23:34:14,287 ERROR: Database health check failed: Textual SQL expression 'SELECT 1' should be explicitly declared as text('SELECT 1') [in /home/sydney/HeliosOS/app/routes.py:42]
2025-08-09 23:34:18,290 ERROR: Summarization failed: RetryError[<Future at 0x7fd369e10da0 state=finished raised AIServiceError>] [in /home/sydney/HeliosOS/app/ai_client.py:96]
2025-08-09 23:34:18,291 ERROR: Failed to log AI interaction: The current Flask app is not registered with this 'SQLAlchemy' instance. Did you forget to call 'init_app', or did you create multiple 'SQLAlchemy' instances? [in /home/sydney/HeliosOS/app/ai_client.py:234]
2025-08-09 23:34:18,292 ERROR: Exception on /health [GET] [in /home/sydney/HeliosOS/venv/lib/python3.12/site-packages/flask/app.py:875]
Traceback (most recent call last):
  File "/home/sydney/HeliosOS/venv/lib/python3.12/site-packages/flask/app.py", line 1511, in wsgi_app
    response = self.full_dispatch_request()
               ^^^^^^^^^^^^^^^^^^^^^^^^^^^^
  File "/home/sydney/HeliosOS/venv/lib/python3.12/site-packages/flask/app.py", line 919, in full_dispatch_request
    rv = self.handle_user_exception(e)
         ^^^^^^^^^^^^^^^^^^^^^^^^^^^^^
  File "/home/sydney/HeliosOS/venv/lib/python3.12/site-packages/flask/app.py", line 917, in full_dispatch_request
    rv = self.dispatch_request()
         ^^^^^^^^^^^^^^^^^^^^^^^
  File "/home/sydney/HeliosOS/venv/lib/python3.12/site-packages/flask/app.py", line 902, in dispatch_request
    return self.ensure_sync(self.view_functions[rule.endpoint])(**view_args)  # type: ignore[no-any-return]
           ^^^^^^^^^^^^^^^^^^^^^^^^^^^^^^^^^^^^^^^^^^^^^^^^^^^^^^^^^^^^^^^^^
  File "/home/sydney/HeliosOS/app/routes.py", line 64, in health_check
    'timestamp': time.time()
                 ^^^^
NameError: name 'time' is not defined. Did you forget to import 'time'
2025-08-09 23:34:21,485 ERROR: Database health check failed: Textual SQL expression 'SELECT 1' should be explicitly declared as text('SELECT 1') [in /home/sydney/HeliosOS/app/routes.py:42]
2025-08-09 23:34:25,489 ERROR: Summarization failed: RetryError[<Future at 0x7fd369e12120 state=finished raised AIServiceError>] [in /home/sydney/HeliosOS/app/ai_client.py:96]
2025-08-09 23:34:25,490 ERROR: Failed to log AI interaction: The current Flask app is not registered with this 'SQLAlchemy' instance. Did you forget to call 'init_app', or did you create multiple 'SQLAlchemy' instances? [in /home/sydney/HeliosOS/app/ai_client.py:234]
2025-08-09 23:34:25,491 ERROR: Exception on /health [GET] [in /home/sydney/HeliosOS/venv/lib/python3.12/site-packages/flask/app.py:875]
Traceback (most recent call last):
  File "/home/sydney/HeliosOS/venv/lib/python3.12/site-packages/flask/app.py", line 1511, in wsgi_app
    response = self.full_dispatch_request()
               ^^^^^^^^^^^^^^^^^^^^^^^^^^^^
  File "/home/sydney/HeliosOS/venv/lib/python3.12/site-packages/flask/app.py", line 919, in full_dispatch_request
    rv = self.handle_user_exception(e)
         ^^^^^^^^^^^^^^^^^^^^^^^^^^^^^
  File "/home/sydney/HeliosOS/venv/lib/python3.12/site-packages/flask/app.py", line 917, in full_dispatch_request
    rv = self.dispatch_request()
         ^^^^^^^^^^^^^^^^^^^^^^^
  File "/home/sydney/HeliosOS/venv/lib/python3.12/site-packages/flask/app.py", line 902, in dispatch_request
    return self.ensure_sync(self.view_functions[rule.endpoint])(**view_args)  # type: ignore[no-any-return]
           ^^^^^^^^^^^^^^^^^^^^^^^^^^^^^^^^^^^^^^^^^^^^^^^^^^^^^^^^^^^^^^^^^
  File "/home/sydney/HeliosOS/app/routes.py", line 64, in health_check
    'timestamp': time.time()
                 ^^^^
NameError: name 'time' is not defined. Did you forget to import 'time'
2025-08-09 23:34:51,263 ERROR: Database health check failed: Textual SQL expression 'SELECT 1' should be explicitly declared as text('SELECT 1') [in /home/sydney/HeliosOS/app/routes.py:42]
2025-08-09 23:34:55,266 ERROR: Summarization failed: RetryError[<Future at 0x7fd369e13260 state=finished raised AIServiceError>] [in /home/sydney/HeliosOS/app/ai_client.py:96]
2025-08-09 23:34:55,268 ERROR: Failed to log AI interaction: The current Flask app is not registered with this 'SQLAlchemy' instance. Did you forget to call 'init_app', or did you create multiple 'SQLAlchemy' instances? [in /home/sydney/HeliosOS/app/ai_client.py:234]
2025-08-09 23:34:55,268 ERROR: Exception on /health [GET] [in /home/sydney/HeliosOS/venv/lib/python3.12/site-packages/flask/app.py:875]
Traceback (most recent call last):
  File "/home/sydney/HeliosOS/venv/lib/python3.12/site-packages/flask/app.py", line 1511, in wsgi_app
    response = self.full_dispatch_request()
               ^^^^^^^^^^^^^^^^^^^^^^^^^^^^
  File "/home/sydney/HeliosOS/venv/lib/python3.12/site-packages/flask/app.py", line 919, in full_dispatch_request
    rv = self.handle_user_exception(e)
         ^^^^^^^^^^^^^^^^^^^^^^^^^^^^^
  File "/home/sydney/HeliosOS/venv/lib/python3.12/site-packages/flask/app.py", line 917, in full_dispatch_request
    rv = self.dispatch_request()
         ^^^^^^^^^^^^^^^^^^^^^^^
  File "/home/sydney/HeliosOS/venv/lib/python3.12/site-packages/flask/app.py", line 902, in dispatch_request
    return self.ensure_sync(self.view_functions[rule.endpoint])(**view_args)  # type: ignore[no-any-return]
           ^^^^^^^^^^^^^^^^^^^^^^^^^^^^^^^^^^^^^^^^^^^^^^^^^^^^^^^^^^^^^^^^^
  File "/home/sydney/HeliosOS/app/routes.py", line 64, in health_check
    'timestamp': time.time()
                 ^^^^
NameError: name 'time' is not defined. Did you forget to import 'time'
2025-08-09 23:35:01,697 ERROR: Database health check failed: Textual SQL expression 'SELECT 1' should be explicitly declared as text('SELECT 1') [in /home/sydney/HeliosOS/app/routes.py:42]
2025-08-09 23:35:05,699 ERROR: Summarization failed: RetryError[<Future at 0x7fd369e34620 state=finished raised AIServiceError>] [in /home/sydney/HeliosOS/app/ai_client.py:96]
2025-08-09 23:35:05,704 ERROR: Failed to log AI interaction: The current Flask app is not registered with this 'SQLAlchemy' instance. Did you forget to call 'init_app', or did you create multiple 'SQLAlchemy' instances? [in /home/sydney/HeliosOS/app/ai_client.py:234]
2025-08-09 23:35:05,705 ERROR: Exception on /health [GET] [in /home/sydney/HeliosOS/venv/lib/python3.12/site-packages/flask/app.py:875]
Traceback (most recent call last):
  File "/home/sydney/HeliosOS/venv/lib/python3.12/site-packages/flask/app.py", line 1511, in wsgi_app
    response = self.full_dispatch_request()
               ^^^^^^^^^^^^^^^^^^^^^^^^^^^^
  File "/home/sydney/HeliosOS/venv/lib/python3.12/site-packages/flask/app.py", line 919, in full_dispatch_request
    rv = self.handle_user_exception(e)
         ^^^^^^^^^^^^^^^^^^^^^^^^^^^^^
  File "/home/sydney/HeliosOS/venv/lib/python3.12/site-packages/flask/app.py", line 917, in full_dispatch_request
    rv = self.dispatch_request()
         ^^^^^^^^^^^^^^^^^^^^^^^
  File "/home/sydney/HeliosOS/venv/lib/python3.12/site-packages/flask/app.py", line 902, in dispatch_request
    return self.ensure_sync(self.view_functions[rule.endpoint])(**view_args)  # type: ignore[no-any-return]
           ^^^^^^^^^^^^^^^^^^^^^^^^^^^^^^^^^^^^^^^^^^^^^^^^^^^^^^^^^^^^^^^^^
  File "/home/sydney/HeliosOS/app/routes.py", line 64, in health_check
    'timestamp': time.time()
                 ^^^^
NameError: name 'time' is not defined. Did you forget to import 'time'
2025-08-09 23:36:11,174 ERROR: Database health check failed: Textual SQL expression 'SELECT 1' should be explicitly declared as text('SELECT 1') [in /home/sydney/HeliosOS/app/routes.py:43]
2025-08-09 23:36:15,181 ERROR: Summarization failed: RetryError[<Future at 0x7f6ff0b46ab0 state=finished raised AIServiceError>] [in /home/sydney/HeliosOS/app/ai_client.py:96]
2025-08-09 23:36:15,217 ERROR: Failed to log AI interaction: The current Flask app is not registered with this 'SQLAlchemy' instance. Did you forget to call 'init_app', or did you create multiple 'SQLAlchemy' instances? [in /home/sydney/HeliosOS/app/ai_client.py:234]
2025-08-09 23:36:41,409 ERROR: Database health check failed: Textual SQL expression 'SELECT 1' should be explicitly declared as text('SELECT 1') [in /home/sydney/HeliosOS/app/routes.py:43]
2025-08-09 23:36:45,412 ERROR: Summarization failed: RetryError[<Future at 0x7f6feed00230 state=finished raised AIServiceError>] [in /home/sydney/HeliosOS/app/ai_client.py:96]
2025-08-09 23:36:45,415 ERROR: Failed to log AI interaction: The current Flask app is not registered with this 'SQLAlchemy' instance. Did you forget to call 'init_app', or did you create multiple 'SQLAlchemy' instances? [in /home/sydney/HeliosOS/app/ai_client.py:234]
2025-08-09 23:36:53,305 ERROR: Database health check failed: Textual SQL expression 'SELECT 1' should be explicitly declared as text('SELECT 1') [in /home/sydney/HeliosOS/app/routes.py:43]
2025-08-09 23:36:57,311 ERROR: Summarization failed: RetryError[<Future at 0x7f6feed01520 state=finished raised AIServiceError>] [in /home/sydney/HeliosOS/app/ai_client.py:96]
2025-08-09 23:36:57,313 ERROR: Failed to log AI interaction: The current Flask app is not registered with this 'SQLAlchemy' instance. Did you forget to call 'init_app', or did you create multiple 'SQLAlchemy' instances? [in /home/sydney/HeliosOS/app/ai_client.py:234]
2025-08-09 23:37:11,430 ERROR: Database health check failed: Textual SQL expression 'SELECT 1' should be explicitly declared as text('SELECT 1') [in /home/sydney/HeliosOS/app/routes.py:43]
2025-08-09 23:37:15,434 ERROR: Summarization failed: RetryError[<Future at 0x7f6feed02630 state=finished raised AIServiceError>] [in /home/sydney/HeliosOS/app/ai_client.py:96]
2025-08-09 23:37:15,435 ERROR: Failed to log AI interaction: The current Flask app is not registered with this 'SQLAlchemy' instance. Did you forget to call 'init_app', or did you create multiple 'SQLAlchemy' instances? [in /home/sydney/HeliosOS/app/ai_client.py:234]
2025-08-09 23:37:33,406 ERROR: Database health check failed: Textual SQL expression 'SELECT 1' should be explicitly declared as text('SELECT 1') [in /home/sydney/HeliosOS/app/routes.py:43]
2025-08-09 23:37:37,408 ERROR: Summarization failed: RetryError[<Future at 0x7fbd248cc110 state=finished raised AIServiceError>] [in /home/sydney/HeliosOS/app/ai_client.py:96]
2025-08-09 23:37:37,441 ERROR: Failed to log AI interaction: The current Flask app is not registered with this 'SQLAlchemy' instance. Did you forget to call 'init_app', or did you create multiple 'SQLAlchemy' instances? [in /home/sydney/HeliosOS/app/ai_client.py:234]
2025-08-09 23:37:41,312 ERROR: Database health check failed: Textual SQL expression 'SELECT 1' should be explicitly declared as text('SELECT 1') [in /home/sydney/HeliosOS/app/routes.py:43]
2025-08-09 23:37:45,314 ERROR: Summarization failed: RetryError[<Future at 0x7fbd24478350 state=finished raised AIServiceError>] [in /home/sydney/HeliosOS/app/ai_client.py:96]
2025-08-09 23:37:45,315 ERROR: Failed to log AI interaction: The current Flask app is not registered with this 'SQLAlchemy' instance. Did you forget to call 'init_app', or did you create multiple 'SQLAlchemy' instances? [in /home/sydney/HeliosOS/app/ai_client.py:234]
2025-08-09 23:37:54,307 ERROR: Database health check failed: Textual SQL expression 'SELECT 1' should be explicitly declared as text('SELECT 1') [in /home/sydney/HeliosOS/app/routes.py:43]
2025-08-09 23:37:58,308 ERROR: Summarization failed: RetryError[<Future at 0x7fbd24479640 state=finished raised AIServiceError>] [in /home/sydney/HeliosOS/app/ai_client.py:96]
2025-08-09 23:37:58,310 ERROR: Failed to log AI interaction: The current Flask app is not registered with this 'SQLAlchemy' instance. Did you forget to call 'init_app', or did you create multiple 'SQLAlchemy' instances? [in /home/sydney/HeliosOS/app/ai_client.py:234]
2025-08-09 23:38:04,268 ERROR: Database health check failed: Textual SQL expression 'SELECT 1' should be explicitly declared as text('SELECT 1') [in /home/sydney/HeliosOS/app/routes.py:43]
2025-08-09 23:38:08,275 ERROR: Summarization failed: RetryError[<Future at 0x7fbd2447a750 state=finished raised AIServiceError>] [in /home/sydney/HeliosOS/app/ai_client.py:96]
2025-08-09 23:38:08,296 ERROR: Failed to log AI interaction: The current Flask app is not registered with this 'SQLAlchemy' instance. Did you forget to call 'init_app', or did you create multiple 'SQLAlchemy' instances? [in /home/sydney/HeliosOS/app/ai_client.py:234]
2025-08-09 23:38:11,286 ERROR: Database health check failed: Textual SQL expression 'SELECT 1' should be explicitly declared as text('SELECT 1') [in /home/sydney/HeliosOS/app/routes.py:43]
2025-08-09 23:38:15,293 ERROR: Summarization failed: RetryError[<Future at 0x7fbd2447ba70 state=finished raised AIServiceError>] [in /home/sydney/HeliosOS/app/ai_client.py:96]
2025-08-09 23:38:15,295 ERROR: Failed to log AI interaction: The current Flask app is not registered with this 'SQLAlchemy' instance. Did you forget to call 'init_app', or did you create multiple 'SQLAlchemy' instances? [in /home/sydney/HeliosOS/app/ai_client.py:234]
2025-08-09 23:38:34,260 ERROR: Database health check failed: Textual SQL expression 'SELECT 1' should be explicitly declared as text('SELECT 1') [in /home/sydney/HeliosOS/app/routes.py:43]
2025-08-09 23:38:38,263 ERROR: Summarization failed: RetryError[<Future at 0x7fbd244a4bc0 state=finished raised AIServiceError>] [in /home/sydney/HeliosOS/app/ai_client.py:96]
2025-08-09 23:38:38,265 ERROR: Failed to log AI interaction: The current Flask app is not registered with this 'SQLAlchemy' instance. Did you forget to call 'init_app', or did you create multiple 'SQLAlchemy' instances? [in /home/sydney/HeliosOS/app/ai_client.py:234]
2025-08-09 23:38:41,210 ERROR: Database health check failed: Textual SQL expression 'SELECT 1' should be explicitly declared as text('SELECT 1') [in /home/sydney/HeliosOS/app/routes.py:43]
2025-08-09 23:38:45,213 ERROR: Summarization failed: RetryError[<Future at 0x7fbd244a5ee0 state=finished raised AIServiceError>] [in /home/sydney/HeliosOS/app/ai_client.py:96]
2025-08-09 23:38:45,215 ERROR: Failed to log AI interaction: The current Flask app is not registered with this 'SQLAlchemy' instance. Did you forget to call 'init_app', or did you create multiple 'SQLAlchemy' instances? [in /home/sydney/HeliosOS/app/ai_client.py:234]
2025-08-09 23:38:55,355 ERROR: Database health check failed: Textual SQL expression 'SELECT 1' should be explicitly declared as text('SELECT 1') [in /home/sydney/HeliosOS/app/routes.py:43]
2025-08-09 23:38:59,357 ERROR: Summarization failed: RetryError[<Future at 0x7fbd244a6f60 state=finished raised AIServiceError>] [in /home/sydney/HeliosOS/app/ai_client.py:96]
2025-08-09 23:38:59,358 ERROR: Failed to log AI interaction: The current Flask app is not registered with this 'SQLAlchemy' instance. Did you forget to call 'init_app', or did you create multiple 'SQLAlchemy' instances? [in /home/sydney/HeliosOS/app/ai_client.py:234]
2025-08-09 23:39:04,296 ERROR: Database health check failed: Textual SQL expression 'SELECT 1' should be explicitly declared as text('SELECT 1') [in /home/sydney/HeliosOS/app/routes.py:43]
2025-08-09 23:39:08,298 ERROR: Summarization failed: RetryError[<Future at 0x7fbd244c4350 state=finished raised AIServiceError>] [in /home/sydney/HeliosOS/app/ai_client.py:96]
2025-08-09 23:39:08,300 ERROR: Failed to log AI interaction: The current Flask app is not registered with this 'SQLAlchemy' instance. Did you forget to call 'init_app', or did you create multiple 'SQLAlchemy' instances? [in /home/sydney/HeliosOS/app/ai_client.py:234]
2025-08-09 23:39:34,334 ERROR: Database health check failed: Textual SQL expression 'SELECT 1' should be explicitly declared as text('SELECT 1') [in /home/sydney/HeliosOS/app/routes.py:43]
2025-08-09 23:39:38,337 ERROR: Summarization failed: RetryError[<Future at 0x7fbd244c5460 state=finished raised AIServiceError>] [in /home/sydney/HeliosOS/app/ai_client.py:96]
2025-08-09 23:39:38,342 ERROR: Failed to log AI interaction: The current Flask app is not registered with this 'SQLAlchemy' instance. Did you forget to call 'init_app', or did you create multiple 'SQLAlchemy' instances? [in /home/sydney/HeliosOS/app/ai_client.py:234]
2025-08-09 23:39:56,385 ERROR: Database health check failed: Textual SQL expression 'SELECT 1' should be explicitly declared as text('SELECT 1') [in /home/sydney/HeliosOS/app/routes.py:43]
2025-08-09 23:40:00,387 ERROR: Summarization failed: RetryError[<Future at 0x7fbd244c6780 state=finished raised AIServiceError>] [in /home/sydney/HeliosOS/app/ai_client.py:96]
2025-08-09 23:40:00,391 ERROR: Failed to log AI interaction: The current Flask app is not registered with this 'SQLAlchemy' instance. Did you forget to call 'init_app', or did you create multiple 'SQLAlchemy' instances? [in /home/sydney/HeliosOS/app/ai_client.py:234]
2025-08-09 23:40:04,325 ERROR: Database health check failed: Textual SQL expression 'SELECT 1' should be explicitly declared as text('SELECT 1') [in /home/sydney/HeliosOS/app/routes.py:43]
2025-08-09 23:40:08,328 ERROR: Summarization failed: RetryError[<Future at 0x7fbd244c78c0 state=finished raised AIServiceError>] [in /home/sydney/HeliosOS/app/ai_client.py:96]
2025-08-09 23:40:08,333 ERROR: Failed to log AI interaction: The current Flask app is not registered with this 'SQLAlchemy' instance. Did you forget to call 'init_app', or did you create multiple 'SQLAlchemy' instances? [in /home/sydney/HeliosOS/app/ai_client.py:234]
2025-08-09 23:40:34,432 ERROR: Database health check failed: Textual SQL expression 'SELECT 1' should be explicitly declared as text('SELECT 1') [in /home/sydney/HeliosOS/app/routes.py:43]
2025-08-09 23:40:38,435 ERROR: Summarization failed: RetryError[<Future at 0x7fbd242fcd10 state=finished raised AIServiceError>] [in /home/sydney/HeliosOS/app/ai_client.py:96]
2025-08-09 23:40:38,468 ERROR: Failed to log AI interaction: The current Flask app is not registered with this 'SQLAlchemy' instance. Did you forget to call 'init_app', or did you create multiple 'SQLAlchemy' instances? [in /home/sydney/HeliosOS/app/ai_client.py:234]
2025-08-09 23:40:59,021 ERROR: Database health check failed: Textual SQL expression 'SELECT 1' should be explicitly declared as text('SELECT 1') [in /home/sydney/HeliosOS/app/routes.py:43]
2025-08-09 23:41:03,023 ERROR: Summarization failed: RetryError[<Future at 0x7fbd242fddf0 state=finished raised AIServiceError>] [in /home/sydney/HeliosOS/app/ai_client.py:96]
2025-08-09 23:41:03,026 ERROR: Failed to log AI interaction: The current Flask app is not registered with this 'SQLAlchemy' instance. Did you forget to call 'init_app', or did you create multiple 'SQLAlchemy' instances? [in /home/sydney/HeliosOS/app/ai_client.py:234]
2025-08-09 23:41:24,129 ERROR: Database health check failed: Textual SQL expression 'SELECT 1' should be explicitly declared as text('SELECT 1') [in /home/sydney/HeliosOS/app/routes.py:43]
2025-08-09 23:41:28,131 ERROR: Summarization failed: RetryError[<Future at 0x7fbd242ff1a0 state=finished raised AIServiceError>] [in /home/sydney/HeliosOS/app/ai_client.py:96]
2025-08-09 23:41:28,135 ERROR: Failed to log AI interaction: The current Flask app is not registered with this 'SQLAlchemy' instance. Did you forget to call 'init_app', or did you create multiple 'SQLAlchemy' instances? [in /home/sydney/HeliosOS/app/ai_client.py:234]
2025-08-09 23:41:34,407 ERROR: Database health check failed: Textual SQL expression 'SELECT 1' should be explicitly declared as text('SELECT 1') [in /home/sydney/HeliosOS/app/routes.py:43]
2025-08-09 23:41:38,409 ERROR: Summarization failed: RetryError[<Future at 0x7fbd24320380 state=finished raised AIServiceError>] [in /home/sydney/HeliosOS/app/ai_client.py:96]
2025-08-09 23:41:38,414 ERROR: Failed to log AI interaction: The current Flask app is not registered with this 'SQLAlchemy' instance. Did you forget to call 'init_app', or did you create multiple 'SQLAlchemy' instances? [in /home/sydney/HeliosOS/app/ai_client.py:234]
2025-08-09 23:41:58,213 ERROR: Database health check failed: Textual SQL expression 'SELECT 1' should be explicitly declared as text('SELECT 1') [in /home/sydney/HeliosOS/app/routes.py:43]
