2025-08-10 00:14:37,646 INFO: Database tables created successfully [in /home/sydney/HeliosOS/app/__init__.py:91]
2025-08-10 00:14:59,154 ERROR: Summarization failed: RetryError[<Future at 0x7f9b70632150 state=finished raised AIServiceError>] [in /home/sydney/HeliosOS/app/ai_client.py:96]
2025-08-10 00:14:59,211 ERROR: Failed to log AI interaction: The current Flask app is not registered with this 'SQLAlchemy' instance. Did you forget to call 'init_app', or did you create multiple 'SQLAlchemy' instances? [in /home/sydney/HeliosOS/app/ai_client.py:234]
2025-08-10 00:15:29,278 ERROR: Summarization failed: RetryError[<Future at 0x7f9b703628a0 state=finished raised AIServiceError>] [in /home/sydney/HeliosOS/app/ai_client.py:96]
2025-08-10 00:15:29,281 ERROR: Failed to log AI interaction: The current Flask app is not registered with this 'SQLAlchemy' instance. Did you forget to call 'init_app', or did you create multiple 'SQLAlchemy' instances? [in /home/sydney/HeliosOS/app/ai_client.py:234]
2025-08-10 00:15:59,303 ERROR: Summarization failed: RetryError[<Future at 0x7f9b70363b60 state=finished raised AIServiceError>] [in /home/sydney/HeliosOS/app/ai_client.py:96]
2025-08-10 00:15:59,305 ERROR: Failed to log AI interaction: The current Flask app is not registered with this 'SQLAlchemy' instance. Did you forget to call 'init_app', or did you create multiple 'SQLAlchemy' instances? [in /home/sydney/HeliosOS/app/ai_client.py:234]
2025-08-10 00:16:29,446 ERROR: Summarization failed: RetryError[<Future at 0x7f9b70398c50 state=finished raised AIServiceError>] [in /home/sydney/HeliosOS/app/ai_client.py:96]
2025-08-10 00:16:29,449 ERROR: Failed to log AI interaction: The current Flask app is not registered with this 'SQLAlchemy' instance. Did you forget to call 'init_app', or did you create multiple 'SQLAlchemy' instances? [in /home/sydney/HeliosOS/app/ai_client.py:234]
2025-08-10 00:16:59,253 ERROR: Summarization failed: RetryError[<Future at 0x7f9b70399f70 state=finished raised AIServiceError>] [in /home/sydney/HeliosOS/app/ai_client.py:96]
2025-08-10 00:16:59,254 ERROR: Failed to log AI interaction: The current Flask app is not registered with this 'SQLAlchemy' instance. Did you forget to call 'init_app', or did you create multiple 'SQLAlchemy' instances? [in /home/sydney/HeliosOS/app/ai_client.py:234]
2025-08-10 00:17:29,289 ERROR: Summarization failed: RetryError[<Future at 0x7f9b7039b020 state=finished raised AIServiceError>] [in /home/sydney/HeliosOS/app/ai_client.py:96]
2025-08-10 00:17:29,290 ERROR: Failed to log AI interaction: The current Flask app is not registered with this 'SQLAlchemy' instance. Did you forget to call 'init_app', or did you create multiple 'SQLAlchemy' instances? [in /home/sydney/HeliosOS/app/ai_client.py:234]
2025-08-10 00:17:59,296 ERROR: Summarization failed: RetryError[<Future at 0x7f9b703b8350 state=finished raised AIServiceError>] [in /home/sydney/HeliosOS/app/ai_client.py:96]
2025-08-10 00:17:59,298 ERROR: Failed to log AI interaction: The current Flask app is not registered with this 'SQLAlchemy' instance. Did you forget to call 'init_app', or did you create multiple 'SQLAlchemy' instances? [in /home/sydney/HeliosOS/app/ai_client.py:234]
2025-08-10 00:18:29,293 ERROR: Summarization failed: RetryError[<Future at 0x7f9b703b9400 state=finished raised AIServiceError>] [in /home/sydney/HeliosOS/app/ai_client.py:96]
2025-08-10 00:18:29,294 ERROR: Failed to log AI interaction: The current Flask app is not registered with this 'SQLAlchemy' instance. Did you forget to call 'init_app', or did you create multiple 'SQLAlchemy' instances? [in /home/sydney/HeliosOS/app/ai_client.py:234]
2025-08-10 00:19:05,291 ERROR: Summarization failed: RetryError[<Future at 0x7f9b703ba720 state=finished raised AIServiceError>] [in /home/sydney/HeliosOS/app/ai_client.py:96]
2025-08-10 00:19:05,293 ERROR: Failed to log AI interaction: The current Flask app is not registered with this 'SQLAlchemy' instance. Did you forget to call 'init_app', or did you create multiple 'SQLAlchemy' instances? [in /home/sydney/HeliosOS/app/ai_client.py:234]
2025-08-10 00:20:05,300 ERROR: Summarization failed: RetryError[<Future at 0x7f9b703bb830 state=finished raised AIServiceError>] [in /home/sydney/HeliosOS/app/ai_client.py:96]
2025-08-10 00:20:05,301 ERROR: Failed to log AI interaction: The current Flask app is not registered with this 'SQLAlchemy' instance. Did you forget to call 'init_app', or did you create multiple 'SQLAlchemy' instances? [in /home/sydney/HeliosOS/app/ai_client.py:234]
2025-08-10 00:21:05,294 ERROR: Summarization failed: RetryError[<Future at 0x7f9b701ecad0 state=finished raised AIServiceError>] [in /home/sydney/HeliosOS/app/ai_client.py:96]
2025-08-10 00:21:05,296 ERROR: Failed to log AI interaction: The current Flask app is not registered with this 'SQLAlchemy' instance. Did you forget to call 'init_app', or did you create multiple 'SQLAlchemy' instances? [in /home/sydney/HeliosOS/app/ai_client.py:234]
2025-08-10 00:22:05,294 ERROR: Summarization failed: RetryError[<Future at 0x7f9b701edbb0 state=finished raised AIServiceError>] [in /home/sydney/HeliosOS/app/ai_client.py:96]
2025-08-10 00:22:05,295 ERROR: Failed to log AI interaction: The current Flask app is not registered with this 'SQLAlchemy' instance. Did you forget to call 'init_app', or did you create multiple 'SQLAlchemy' instances? [in /home/sydney/HeliosOS/app/ai_client.py:234]
2025-08-10 00:23:05,289 ERROR: Summarization failed: RetryError[<Future at 0x7f9b701eef30 state=finished raised AIServiceError>] [in /home/sydney/HeliosOS/app/ai_client.py:96]
2025-08-10 00:23:05,291 ERROR: Failed to log AI interaction: The current Flask app is not registered with this 'SQLAlchemy' instance. Did you forget to call 'init_app', or did you create multiple 'SQLAlchemy' instances? [in /home/sydney/HeliosOS/app/ai_client.py:234]
2025-08-10 00:24:05,202 ERROR: Summarization failed: RetryError[<Future at 0x7f9b701effb0 state=finished raised AIServiceError>] [in /home/sydney/HeliosOS/app/ai_client.py:96]
2025-08-10 00:24:05,204 ERROR: Failed to log AI interaction: The current Flask app is not registered with this 'SQLAlchemy' instance. Did you forget to call 'init_app', or did you create multiple 'SQLAlchemy' instances? [in /home/sydney/HeliosOS/app/ai_client.py:234]
2025-08-10 00:25:05,283 ERROR: Summarization failed: RetryError[<Future at 0x7f9b70215370 state=finished raised AIServiceError>] [in /home/sydney/HeliosOS/app/ai_client.py:96]
2025-08-10 00:25:05,285 ERROR: Failed to log AI interaction: The current Flask app is not registered with this 'SQLAlchemy' instance. Did you forget to call 'init_app', or did you create multiple 'SQLAlchemy' instances? [in /home/sydney/HeliosOS/app/ai_client.py:234]
2025-08-10 00:26:05,304 ERROR: Summarization failed: RetryError[<Future at 0x7f9b70216510 state=finished raised AIServiceError>] [in /home/sydney/HeliosOS/app/ai_client.py:96]
2025-08-10 00:26:05,306 ERROR: Failed to log AI interaction: The current Flask app is not registered with this 'SQLAlchemy' instance. Did you forget to call 'init_app', or did you create multiple 'SQLAlchemy' instances? [in /home/sydney/HeliosOS/app/ai_client.py:234]
2025-08-10 00:27:05,289 ERROR: Summarization failed: RetryError[<Future at 0x7f9b702177d0 state=finished raised AIServiceError>] [in /home/sydney/HeliosOS/app/ai_client.py:96]
2025-08-10 00:27:05,292 ERROR: Failed to log AI interaction: The current Flask app is not registered with this 'SQLAlchemy' instance. Did you forget to call 'init_app', or did you create multiple 'SQLAlchemy' instances? [in /home/sydney/HeliosOS/app/ai_client.py:234]
2025-08-10 00:28:05,302 ERROR: Summarization failed: RetryError[<Future at 0x7f9b7023c920 state=finished raised AIServiceError>] [in /home/sydney/HeliosOS/app/ai_client.py:96]
2025-08-10 00:28:05,303 ERROR: Failed to log AI interaction: The current Flask app is not registered with this 'SQLAlchemy' instance. Did you forget to call 'init_app', or did you create multiple 'SQLAlchemy' instances? [in /home/sydney/HeliosOS/app/ai_client.py:234]
2025-08-10 00:29:05,293 ERROR: Summarization failed: RetryError[<Future at 0x7f9b7023dc40 state=finished raised AIServiceError>] [in /home/sydney/HeliosOS/app/ai_client.py:96]
2025-08-10 00:29:05,295 ERROR: Failed to log AI interaction: The current Flask app is not registered with this 'SQLAlchemy' instance. Did you forget to call 'init_app', or did you create multiple 'SQLAlchemy' instances? [in /home/sydney/HeliosOS/app/ai_client.py:234]
2025-08-10 00:30:05,283 ERROR: Summarization failed: RetryError[<Future at 0x7f9b7023edb0 state=finished raised AIServiceError>] [in /home/sydney/HeliosOS/app/ai_client.py:96]
2025-08-10 00:30:05,284 ERROR: Failed to log AI interaction: The current Flask app is not registered with this 'SQLAlchemy' instance. Did you forget to call 'init_app', or did you create multiple 'SQLAlchemy' instances? [in /home/sydney/HeliosOS/app/ai_client.py:234]
2025-08-10 00:31:05,293 ERROR: Summarization failed: RetryError[<Future at 0x7f9b7026c170 state=finished raised AIServiceError>] [in /home/sydney/HeliosOS/app/ai_client.py:96]
2025-08-10 00:31:05,295 ERROR: Failed to log AI interaction: The current Flask app is not registered with this 'SQLAlchemy' instance. Did you forget to call 'init_app', or did you create multiple 'SQLAlchemy' instances? [in /home/sydney/HeliosOS/app/ai_client.py:234]
2025-08-10 00:32:05,295 ERROR: Summarization failed: RetryError[<Future at 0x7f9b7026d3a0 state=finished raised AIServiceError>] [in /home/sydney/HeliosOS/app/ai_client.py:96]
2025-08-10 00:32:05,297 ERROR: Failed to log AI interaction: The current Flask app is not registered with this 'SQLAlchemy' instance. Did you forget to call 'init_app', or did you create multiple 'SQLAlchemy' instances? [in /home/sydney/HeliosOS/app/ai_client.py:234]
2025-08-10 00:33:05,289 ERROR: Summarization failed: RetryError[<Future at 0x7f9b7026e720 state=finished raised AIServiceError>] [in /home/sydney/HeliosOS/app/ai_client.py:96]
2025-08-10 00:33:05,290 ERROR: Failed to log AI interaction: The current Flask app is not registered with this 'SQLAlchemy' instance. Did you forget to call 'init_app', or did you create multiple 'SQLAlchemy' instances? [in /home/sydney/HeliosOS/app/ai_client.py:234]
2025-08-10 00:34:05,291 ERROR: Summarization failed: RetryError[<Future at 0x7f9b7026f8c0 state=finished raised AIServiceError>] [in /home/sydney/HeliosOS/app/ai_client.py:96]
2025-08-10 00:34:05,292 ERROR: Failed to log AI interaction: The current Flask app is not registered with this 'SQLAlchemy' instance. Did you forget to call 'init_app', or did you create multiple 'SQLAlchemy' instances? [in /home/sydney/HeliosOS/app/ai_client.py:234]
2025-08-10 00:35:05,282 ERROR: Summarization failed: RetryError[<Future at 0x7f9b7029cda0 state=finished raised AIServiceError>] [in /home/sydney/HeliosOS/app/ai_client.py:96]
2025-08-10 00:35:05,286 ERROR: Failed to log AI interaction: The current Flask app is not registered with this 'SQLAlchemy' instance. Did you forget to call 'init_app', or did you create multiple 'SQLAlchemy' instances? [in /home/sydney/HeliosOS/app/ai_client.py:234]
2025-08-10 00:36:05,291 ERROR: Summarization failed: RetryError[<Future at 0x7f9b7029e030 state=finished raised AIServiceError>] [in /home/sydney/HeliosOS/app/ai_client.py:96]
2025-08-10 00:36:05,292 ERROR: Failed to log AI interaction: The current Flask app is not registered with this 'SQLAlchemy' instance. Did you forget to call 'init_app', or did you create multiple 'SQLAlchemy' instances? [in /home/sydney/HeliosOS/app/ai_client.py:234]
2025-08-10 00:37:05,284 ERROR: Summarization failed: RetryError[<Future at 0x7f9b7029f440 state=finished raised AIServiceError>] [in /home/sydney/HeliosOS/app/ai_client.py:96]
2025-08-10 00:37:05,286 ERROR: Failed to log AI interaction: The current Flask app is not registered with this 'SQLAlchemy' instance. Did you forget to call 'init_app', or did you create multiple 'SQLAlchemy' instances? [in /home/sydney/HeliosOS/app/ai_client.py:234]
2025-08-10 00:38:05,306 ERROR: Summarization failed: RetryError[<Future at 0x7f9b702bc710 state=finished raised AIServiceError>] [in /home/sydney/HeliosOS/app/ai_client.py:96]
2025-08-10 00:38:05,307 ERROR: Failed to log AI interaction: The current Flask app is not registered with this 'SQLAlchemy' instance. Did you forget to call 'init_app', or did you create multiple 'SQLAlchemy' instances? [in /home/sydney/HeliosOS/app/ai_client.py:234]
2025-08-10 00:39:05,289 ERROR: Summarization failed: RetryError[<Future at 0x7f9b702bdac0 state=finished raised AIServiceError>] [in /home/sydney/HeliosOS/app/ai_client.py:96]
2025-08-10 00:39:05,292 ERROR: Failed to log AI interaction: The current Flask app is not registered with this 'SQLAlchemy' instance. Did you forget to call 'init_app', or did you create multiple 'SQLAlchemy' instances? [in /home/sydney/HeliosOS/app/ai_client.py:234]
2025-08-10 00:40:04,167 ERROR: Summarization failed: RetryError[<Future at 0x7f9b702becc0 state=finished raised AIServiceError>] [in /home/sydney/HeliosOS/app/ai_client.py:96]
2025-08-10 00:40:04,169 ERROR: Failed to log AI interaction: The current Flask app is not registered with this 'SQLAlchemy' instance. Did you forget to call 'init_app', or did you create multiple 'SQLAlchemy' instances? [in /home/sydney/HeliosOS/app/ai_client.py:234]
2025-08-10 00:40:29,289 ERROR: Summarization failed: RetryError[<Future at 0x7f9b700e0140 state=finished raised AIServiceError>] [in /home/sydney/HeliosOS/app/ai_client.py:96]
2025-08-10 00:40:29,298 ERROR: Failed to log AI interaction: The current Flask app is not registered with this 'SQLAlchemy' instance. Did you forget to call 'init_app', or did you create multiple 'SQLAlchemy' instances? [in /home/sydney/HeliosOS/app/ai_client.py:234]
2025-08-10 00:40:59,303 ERROR: Summarization failed: RetryError[<Future at 0x7f9b700e1340 state=finished raised AIServiceError>] [in /home/sydney/HeliosOS/app/ai_client.py:96]
2025-08-10 00:40:59,318 ERROR: Failed to log AI interaction: The current Flask app is not registered with this 'SQLAlchemy' instance. Did you forget to call 'init_app', or did you create multiple 'SQLAlchemy' instances? [in /home/sydney/HeliosOS/app/ai_client.py:234]
2025-08-10 00:42:00,356 ERROR: Summarization failed: RetryError[<Future at 0x7f9b700e2780 state=finished raised AIServiceError>] [in /home/sydney/HeliosOS/app/ai_client.py:96]
2025-08-10 00:42:00,360 ERROR: Failed to log AI interaction: The current Flask app is not registered with this 'SQLAlchemy' instance. Did you forget to call 'init_app', or did you create multiple 'SQLAlchemy' instances? [in /home/sydney/HeliosOS/app/ai_client.py:234]
2025-08-10 00:42:22,469 INFO: Database tables created successfully [in /home/sydney/HeliosOS/app/__init__.py:91]
2025-08-10 00:42:29,937 ERROR: Summarization failed: RetryError[<Future at 0x7f688afb22d0 state=finished raised AIServiceError>] [in /home/sydney/HeliosOS/app/ai_client.py:108]
2025-08-10 00:42:29,977 ERROR: Failed to log AI interaction: The current Flask app is not registered with this 'SQLAlchemy' instance. Did you forget to call 'init_app', or did you create multiple 'SQLAlchemy' instances? [in /home/sydney/HeliosOS/app/ai_client.py:265]
2025-08-10 00:42:32,644 ERROR: Summarization failed: RetryError[<Future at 0x7f688b0d1bb0 state=finished raised AIServiceError>] [in /home/sydney/HeliosOS/app/ai_client.py:108]
2025-08-10 00:42:32,646 ERROR: Failed to log AI interaction: The current Flask app is not registered with this 'SQLAlchemy' instance. Did you forget to call 'init_app', or did you create multiple 'SQLAlchemy' instances? [in /home/sydney/HeliosOS/app/ai_client.py:265]
2025-08-10 00:42:45,935 INFO: Database tables created successfully [in /home/sydney/HeliosOS/app/__init__.py:91]
2025-08-10 00:42:57,601 ERROR: Summarization failed: RetryError[<Future at 0x7ff7ca922e70 state=finished raised AIServiceError>] [in /home/sydney/HeliosOS/app/ai_client.py:108]
2025-08-10 00:42:57,632 ERROR: Failed to log AI interaction: The current Flask app is not registered with this 'SQLAlchemy' instance. Did you forget to call 'init_app', or did you create multiple 'SQLAlchemy' instances? [in /home/sydney/HeliosOS/app/ai_client.py:265]
2025-08-10 00:43:03,303 ERROR: Summarization failed: RetryError[<Future at 0x7ff7ca9527b0 state=finished raised AIServiceError>] [in /home/sydney/HeliosOS/app/ai_client.py:108]
2025-08-10 00:43:03,306 ERROR: Failed to log AI interaction: The current Flask app is not registered with this 'SQLAlchemy' instance. Did you forget to call 'init_app', or did you create multiple 'SQLAlchemy' instances? [in /home/sydney/HeliosOS/app/ai_client.py:265]
2025-08-10 00:43:28,292 ERROR: Summarization failed: RetryError[<Future at 0x7ff7ca953b30 state=finished raised AIServiceError>] [in /home/sydney/HeliosOS/app/ai_client.py:108]
2025-08-10 00:43:28,294 ERROR: Failed to log AI interaction: The current Flask app is not registered with this 'SQLAlchemy' instance. Did you forget to call 'init_app', or did you create multiple 'SQLAlchemy' instances? [in /home/sydney/HeliosOS/app/ai_client.py:265]
2025-08-10 00:43:33,359 ERROR: Summarization failed: RetryError[<Future at 0x7ff7ca988c20 state=finished raised AIServiceError>] [in /home/sydney/HeliosOS/app/ai_client.py:108]
2025-08-10 00:43:33,361 ERROR: Failed to log AI interaction: The current Flask app is not registered with this 'SQLAlchemy' instance. Did you forget to call 'init_app', or did you create multiple 'SQLAlchemy' instances? [in /home/sydney/HeliosOS/app/ai_client.py:265]
2025-08-10 00:44:09,652 ERROR: Failed to create database tables: (psycopg2.OperationalError) connection to server at "localhost" (127.0.0.1), port 5432 failed: FATAL:  password authentication failed for user "user"
connection to server at "localhost" (127.0.0.1), port 5432 failed: FATAL:  password authentication failed for user "user"

(Background on this error at: https://sqlalche.me/e/20/e3q8) [in /home/sydney/HeliosOS/app/__init__.py:93]
2025-08-10 00:44:23,012 ERROR: Database health check failed: (psycopg2.OperationalError) connection to server at "localhost" (127.0.0.1), port 5432 failed: FATAL:  password authentication failed for user "user"
connection to server at "localhost" (127.0.0.1), port 5432 failed: FATAL:  password authentication failed for user "user"

(Background on this error at: https://sqlalche.me/e/20/e3q8) [in /home/sydney/HeliosOS/app/routes.py:30]
2025-08-10 00:44:23,659 ERROR: Request failed for model facebook/bart-large-cnn: 401 Client Error: Unauthorized for url: https://api-inference.huggingface.co/models/facebook/bart-large-cnn [in /home/sydney/HeliosOS/app/ai_client.py:65]
2025-08-10 00:44:25,985 ERROR: Request failed for model facebook/bart-large-cnn: 401 Client Error: Unauthorized for url: https://api-inference.huggingface.co/models/facebook/bart-large-cnn [in /home/sydney/HeliosOS/app/ai_client.py:65]
2025-08-10 00:44:28,282 ERROR: Request failed for model facebook/bart-large-cnn: 401 Client Error: Unauthorized for url: https://api-inference.huggingface.co/models/facebook/bart-large-cnn [in /home/sydney/HeliosOS/app/ai_client.py:65]
2025-08-10 00:44:28,283 ERROR: Summarization failed: RetryError[<Future at 0x7f8800287b00 state=finished raised AIServiceError>] [in /home/sydney/HeliosOS/app/ai_client.py:108]
2025-08-10 00:44:28,305 ERROR: Failed to log AI interaction: The current Flask app is not registered with this 'SQLAlchemy' instance. Did you forget to call 'init_app', or did you create multiple 'SQLAlchemy' instances? [in /home/sydney/HeliosOS/app/ai_client.py:265]
2025-08-10 00:44:28,379 ERROR: Database health check failed: (psycopg2.OperationalError) connection to server at "localhost" (127.0.0.1), port 5432 failed: FATAL:  password authentication failed for user "user"
connection to server at "localhost" (127.0.0.1), port 5432 failed: FATAL:  password authentication failed for user "user"

(Background on this error at: https://sqlalche.me/e/20/e3q8) [in /home/sydney/HeliosOS/app/routes.py:30]
2025-08-10 00:44:28,859 ERROR: Request failed for model facebook/bart-large-cnn: 401 Client Error: Unauthorized for url: https://api-inference.huggingface.co/models/facebook/bart-large-cnn [in /home/sydney/HeliosOS/app/ai_client.py:65]
2025-08-10 00:44:29,295 ERROR: Database health check failed: (psycopg2.OperationalError) connection to server at "localhost" (127.0.0.1), port 5432 failed: FATAL:  password authentication failed for user "user"
connection to server at "localhost" (127.0.0.1), port 5432 failed: FATAL:  password authentication failed for user "user"

(Background on this error at: https://sqlalche.me/e/20/e3q8) [in /home/sydney/HeliosOS/app/routes.py:30]
2025-08-10 00:44:29,847 ERROR: Request failed for model facebook/bart-large-cnn: 401 Client Error: Unauthorized for url: https://api-inference.huggingface.co/models/facebook/bart-large-cnn [in /home/sydney/HeliosOS/app/ai_client.py:65]
2025-08-10 00:44:31,828 ERROR: Request failed for model facebook/bart-large-cnn: 401 Client Error: Unauthorized for url: https://api-inference.huggingface.co/models/facebook/bart-large-cnn [in /home/sydney/HeliosOS/app/ai_client.py:65]
2025-08-10 00:44:34,099 ERROR: Request failed for model facebook/bart-large-cnn: 401 Client Error: Unauthorized for url: https://api-inference.huggingface.co/models/facebook/bart-large-cnn [in /home/sydney/HeliosOS/app/ai_client.py:65]
2025-08-10 00:53:53,970 ERROR: Failed to create database tables: (psycopg2.OperationalError) connection to server at "localhost" (127.0.0.1), port 5432 failed: FATAL:  password authentication failed for user "sydney"
connection to server at "localhost" (127.0.0.1), port 5432 failed: FATAL:  password authentication failed for user "sydney"

(Background on this error at: https://sqlalche.me/e/20/e3q8) [in /home/sydney/HeliosOS/app/__init__.py:93]
2025-08-10 00:53:58,975 ERROR: Database health check failed: (psycopg2.OperationalError) connection to server at "localhost" (127.0.0.1), port 5432 failed: FATAL:  password authentication failed for user "sydney"
connection to server at "localhost" (127.0.0.1), port 5432 failed: FATAL:  password authentication failed for user "sydney"

(Background on this error at: https://sqlalche.me/e/20/e3q8) [in /home/sydney/HeliosOS/app/routes.py:30]
2025-08-10 00:54:01,332 ERROR: Database health check failed: (psycopg2.OperationalError) connection to server at "localhost" (127.0.0.1), port 5432 failed: FATAL:  password authentication failed for user "sydney"
connection to server at "localhost" (127.0.0.1), port 5432 failed: FATAL:  password authentication failed for user "sydney"

(Background on this error at: https://sqlalche.me/e/20/e3q8) [in /home/sydney/HeliosOS/app/routes.py:30]
2025-08-10 00:54:08,655 ERROR: Request failed for model facebook/bart-large-cnn: 401 Client Error: Unauthorized for url: https://api-inference.huggingface.co/models/facebook/bart-large-cnn [in /home/sydney/HeliosOS/app/ai_client.py:65]
2025-08-10 00:54:08,716 ERROR: Request failed for model facebook/bart-large-cnn: 401 Client Error: Unauthorized for url: https://api-inference.huggingface.co/models/facebook/bart-large-cnn [in /home/sydney/HeliosOS/app/ai_client.py:65]
2025-08-10 00:54:12,877 ERROR: Request failed for model facebook/bart-large-cnn: 401 Client Error: Unauthorized for url: https://api-inference.huggingface.co/models/facebook/bart-large-cnn [in /home/sydney/HeliosOS/app/ai_client.py:65]
2025-08-10 00:54:12,993 ERROR: Request failed for model facebook/bart-large-cnn: 401 Client Error: Unauthorized for url: https://api-inference.huggingface.co/models/facebook/bart-large-cnn [in /home/sydney/HeliosOS/app/ai_client.py:65]
2025-08-10 00:54:25,044 ERROR: Request failed for model facebook/bart-large-cnn: 401 Client Error: Unauthorized for url: https://api-inference.huggingface.co/models/facebook/bart-large-cnn [in /home/sydney/HeliosOS/app/ai_client.py:65]
2025-08-10 00:54:25,046 ERROR: Summarization failed: RetryError[<Future at 0x7f77c9a18620 state=finished raised AIServiceError>] [in /home/sydney/HeliosOS/app/ai_client.py:108]
2025-08-10 00:54:25,047 WARNING: Database not available, skipping logging: The current Flask app is not registered with this 'SQLAlchemy' instance. Did you forget to call 'init_app', or did you create multiple 'SQLAlchemy' instances? [in /home/sydney/HeliosOS/app/ai_client.py:242]
2025-08-10 00:54:25,064 ERROR: Request failed for model facebook/bart-large-cnn: 401 Client Error: Unauthorized for url: https://api-inference.huggingface.co/models/facebook/bart-large-cnn [in /home/sydney/HeliosOS/app/ai_client.py:65]
2025-08-10 00:54:25,065 ERROR: Summarization failed: RetryError[<Future at 0x7f77c7b14290 state=finished raised AIServiceError>] [in /home/sydney/HeliosOS/app/ai_client.py:108]
2025-08-10 00:54:25,065 WARNING: Database not available, skipping logging: The current Flask app is not registered with this 'SQLAlchemy' instance. Did you forget to call 'init_app', or did you create multiple 'SQLAlchemy' instances? [in /home/sydney/HeliosOS/app/ai_client.py:242]
2025-08-10 00:54:29,201 ERROR: Database health check failed: (psycopg2.OperationalError) connection to server at "localhost" (127.0.0.1), port 5432 failed: FATAL:  password authentication failed for user "sydney"
connection to server at "localhost" (127.0.0.1), port 5432 failed: FATAL:  password authentication failed for user "sydney"

(Background on this error at: https://sqlalche.me/e/20/e3q8) [in /home/sydney/HeliosOS/app/routes.py:30]
2025-08-10 00:54:29,308 ERROR: Database health check failed: (psycopg2.OperationalError) connection to server at "localhost" (127.0.0.1), port 5432 failed: FATAL:  password authentication failed for user "sydney"
connection to server at "localhost" (127.0.0.1), port 5432 failed: FATAL:  password authentication failed for user "sydney"

(Background on this error at: https://sqlalche.me/e/20/e3q8) [in /home/sydney/HeliosOS/app/routes.py:30]
2025-08-10 00:54:39,214 ERROR: Request failed for model facebook/bart-large-cnn: HTTPSConnectionPool(host='api-inference.huggingface.co', port=443): Max retries exceeded with url: /models/facebook/bart-large-cnn (Caused by NameResolutionError("<urllib3.connection.HTTPSConnection object at 0x7f77c7bb6690>: Failed to resolve 'api-inference.huggingface.co' ([Errno -3] Temporary failure in name resolution)")) [in /home/sydney/HeliosOS/app/ai_client.py:65]
2025-08-10 00:54:39,318 ERROR: Request failed for model facebook/bart-large-cnn: HTTPSConnectionPool(host='api-inference.huggingface.co', port=443): Max retries exceeded with url: /models/facebook/bart-large-cnn (Caused by NameResolutionError("<urllib3.connection.HTTPSConnection object at 0x7f77c7bb5d00>: Failed to resolve 'api-inference.huggingface.co' ([Errno -3] Temporary failure in name resolution)")) [in /home/sydney/HeliosOS/app/ai_client.py:65]
2025-08-10 00:55:19,390 ERROR: Database health check failed: (psycopg2.OperationalError) connection to server at "localhost" (127.0.0.1), port 5432 failed: FATAL:  password authentication failed for user "sydney"
connection to server at "localhost" (127.0.0.1), port 5432 failed: FATAL:  password authentication failed for user "sydney"

(Background on this error at: https://sqlalche.me/e/20/e3q8) [in /home/sydney/HeliosOS/app/routes.py:30]
2025-08-10 00:55:19,427 ERROR: Database health check failed: (psycopg2.OperationalError) connection to server at "localhost" (127.0.0.1), port 5432 failed: FATAL:  password authentication failed for user "sydney"
connection to server at "localhost" (127.0.0.1), port 5432 failed: FATAL:  password authentication failed for user "sydney"

(Background on this error at: https://sqlalche.me/e/20/e3q8) [in /home/sydney/HeliosOS/app/routes.py:30]
2025-08-10 01:04:47,532 ERROR: Failed to create database tables: (psycopg2.OperationalError) connection to server at "localhost" (127.0.0.1), port 5432 failed: FATAL:  password authentication failed for user "sydney"
connection to server at "localhost" (127.0.0.1), port 5432 failed: FATAL:  password authentication failed for user "sydney"

(Background on this error at: https://sqlalche.me/e/20/e3q8) [in /home/sydney/HeliosOS/app/__init__.py:93]
2025-08-10 01:05:01,424 ERROR: Database health check failed: (psycopg2.OperationalError) connection to server at "localhost" (127.0.0.1), port 5432 failed: FATAL:  password authentication failed for user "sydney"
connection to server at "localhost" (127.0.0.1), port 5432 failed: FATAL:  password authentication failed for user "sydney"

(Background on this error at: https://sqlalche.me/e/20/e3q8) [in /home/sydney/HeliosOS/app/routes.py:30]
2025-08-10 01:05:02,234 ERROR: Request failed for model facebook/bart-large-cnn: 401 Client Error: Unauthorized for url: https://api-inference.huggingface.co/models/facebook/bart-large-cnn [in /home/sydney/HeliosOS/app/ai_client.py:65]
2025-08-10 01:05:04,803 ERROR: Request failed for model facebook/bart-large-cnn: 401 Client Error: Unauthorized for url: https://api-inference.huggingface.co/models/facebook/bart-large-cnn [in /home/sydney/HeliosOS/app/ai_client.py:65]
2025-08-10 01:05:07,055 ERROR: Request failed for model facebook/bart-large-cnn: 401 Client Error: Unauthorized for url: https://api-inference.huggingface.co/models/facebook/bart-large-cnn [in /home/sydney/HeliosOS/app/ai_client.py:65]
2025-08-10 01:05:07,055 ERROR: Summarization failed: RetryError[<Future at 0x7fa603b89430 state=finished raised AIServiceError>] [in /home/sydney/HeliosOS/app/ai_client.py:108]
2025-08-10 01:05:07,056 WARNING: Database not available, skipping logging: The current Flask app is not registered with this 'SQLAlchemy' instance. Did you forget to call 'init_app', or did you create multiple 'SQLAlchemy' instances? [in /home/sydney/HeliosOS/app/ai_client.py:242]
2025-08-10 01:06:01,395 ERROR: Database health check failed: (psycopg2.OperationalError) connection to server at "localhost" (127.0.0.1), port 5432 failed: FATAL:  password authentication failed for user "sydney"
connection to server at "localhost" (127.0.0.1), port 5432 failed: FATAL:  password authentication failed for user "sydney"

(Background on this error at: https://sqlalche.me/e/20/e3q8) [in /home/sydney/HeliosOS/app/routes.py:30]
2025-08-10 01:06:01,728 ERROR: Request failed for model facebook/bart-large-cnn: 401 Client Error: Unauthorized for url: https://api-inference.huggingface.co/models/facebook/bart-large-cnn [in /home/sydney/HeliosOS/app/ai_client.py:65]
2025-08-10 01:06:03,965 ERROR: Request failed for model facebook/bart-large-cnn: 401 Client Error: Unauthorized for url: https://api-inference.huggingface.co/models/facebook/bart-large-cnn [in /home/sydney/HeliosOS/app/ai_client.py:65]
2025-08-10 01:06:06,210 ERROR: Request failed for model facebook/bart-large-cnn: 401 Client Error: Unauthorized for url: https://api-inference.huggingface.co/models/facebook/bart-large-cnn [in /home/sydney/HeliosOS/app/ai_client.py:65]
2025-08-10 01:06:06,211 ERROR: Summarization failed: RetryError[<Future at 0x7fa602b070e0 state=finished raised AIServiceError>] [in /home/sydney/HeliosOS/app/ai_client.py:108]
2025-08-10 01:06:06,211 WARNING: Database not available, skipping logging: The current Flask app is not registered with this 'SQLAlchemy' instance. Did you forget to call 'init_app', or did you create multiple 'SQLAlchemy' instances? [in /home/sydney/HeliosOS/app/ai_client.py:242]
2025-08-10 01:07:01,305 ERROR: Database health check failed: (psycopg2.OperationalError) connection to server at "localhost" (127.0.0.1), port 5432 failed: FATAL:  password authentication failed for user "sydney"
connection to server at "localhost" (127.0.0.1), port 5432 failed: FATAL:  password authentication failed for user "sydney"

(Background on this error at: https://sqlalche.me/e/20/e3q8) [in /home/sydney/HeliosOS/app/routes.py:30]
2025-08-10 01:07:01,902 ERROR: Request failed for model facebook/bart-large-cnn: 401 Client Error: Unauthorized for url: https://api-inference.huggingface.co/models/facebook/bart-large-cnn [in /home/sydney/HeliosOS/app/ai_client.py:65]
2025-08-10 01:07:08,091 ERROR: Failed to create database tables: (psycopg2.OperationalError) connection to server at "localhost" (127.0.0.1), port 5432 failed: FATAL:  password authentication failed for user "sydney"
connection to server at "localhost" (127.0.0.1), port 5432 failed: FATAL:  password authentication failed for user "sydney"

(Background on this error at: https://sqlalche.me/e/20/e3q8) [in /home/sydney/HeliosOS/app/__init__.py:93]
2025-08-10 01:11:39,232 ERROR: Failed to create database tables: (psycopg2.OperationalError) connection to server at "localhost" (127.0.0.1), port 5432 failed: FATAL:  password authentication failed for user "sydney"
connection to server at "localhost" (127.0.0.1), port 5432 failed: FATAL:  password authentication failed for user "sydney"

(Background on this error at: https://sqlalche.me/e/20/e3q8) [in /home/sydney/HeliosOS/app/__init__.py:99]
2025-08-10 01:16:15,411 INFO: Database tables created successfully [in /home/sydney/HeliosOS/app/__init__.py:97]
2025-08-10 01:16:21,991 ERROR: Request failed for model facebook/bart-large-cnn: 401 Client Error: Unauthorized for url: https://api-inference.huggingface.co/models/facebook/bart-large-cnn [in /home/sydney/HeliosOS/app/ai_client.py:65]
2025-08-10 01:16:24,270 ERROR: Request failed for model facebook/bart-large-cnn: 401 Client Error: Unauthorized for url: https://api-inference.huggingface.co/models/facebook/bart-large-cnn [in /home/sydney/HeliosOS/app/ai_client.py:65]
2025-08-10 01:16:26,523 ERROR: Request failed for model facebook/bart-large-cnn: 401 Client Error: Unauthorized for url: https://api-inference.huggingface.co/models/facebook/bart-large-cnn [in /home/sydney/HeliosOS/app/ai_client.py:65]
2025-08-10 01:16:26,524 ERROR: Summarization failed: RetryError[<Future at 0x7f465d111970 state=finished raised AIServiceError>] [in /home/sydney/HeliosOS/app/ai_client.py:108]
2025-08-10 01:16:26,525 WARNING: Database not available, skipping logging: The current Flask app is not registered with this 'SQLAlchemy' instance. Did you forget to call 'init_app', or did you create multiple 'SQLAlchemy' instances? [in /home/sydney/HeliosOS/app/ai_client.py:242]
2025-08-10 01:16:51,530 ERROR: Request failed for model facebook/bart-large-cnn: 401 Client Error: Unauthorized for url: https://api-inference.huggingface.co/models/facebook/bart-large-cnn [in /home/sydney/HeliosOS/app/ai_client.py:65]
2025-08-10 01:16:53,775 ERROR: Request failed for model facebook/bart-large-cnn: 401 Client Error: Unauthorized for url: https://api-inference.huggingface.co/models/facebook/bart-large-cnn [in /home/sydney/HeliosOS/app/ai_client.py:65]
2025-08-10 01:16:56,012 ERROR: Request failed for model facebook/bart-large-cnn: 401 Client Error: Unauthorized for url: https://api-inference.huggingface.co/models/facebook/bart-large-cnn [in /home/sydney/HeliosOS/app/ai_client.py:65]
2025-08-10 01:16:56,013 ERROR: Summarization failed: RetryError[<Future at 0x7f465b1954f0 state=finished raised AIServiceError>] [in /home/sydney/HeliosOS/app/ai_client.py:108]
2025-08-10 01:16:56,013 WARNING: Database not available, skipping logging: The current Flask app is not registered with this 'SQLAlchemy' instance. Did you forget to call 'init_app', or did you create multiple 'SQLAlchemy' instances? [in /home/sydney/HeliosOS/app/ai_client.py:242]
2025-08-10 01:17:01,545 ERROR: Request failed for model facebook/bart-large-cnn: 401 Client Error: Unauthorized for url: https://api-inference.huggingface.co/models/facebook/bart-large-cnn [in /home/sydney/HeliosOS/app/ai_client.py:65]
2025-08-10 01:17:03,786 ERROR: Request failed for model facebook/bart-large-cnn: 401 Client Error: Unauthorized for url: https://api-inference.huggingface.co/models/facebook/bart-large-cnn [in /home/sydney/HeliosOS/app/ai_client.py:65]
2025-08-10 01:17:06,021 ERROR: Request failed for model facebook/bart-large-cnn: 401 Client Error: Unauthorized for url: https://api-inference.huggingface.co/models/facebook/bart-large-cnn [in /home/sydney/HeliosOS/app/ai_client.py:65]
2025-08-10 01:17:06,022 ERROR: Summarization failed: RetryError[<Future at 0x7f465b1969c0 state=finished raised AIServiceError>] [in /home/sydney/HeliosOS/app/ai_client.py:108]
2025-08-10 01:17:06,023 WARNING: Database not available, skipping logging: The current Flask app is not registered with this 'SQLAlchemy' instance. Did you forget to call 'init_app', or did you create multiple 'SQLAlchemy' instances? [in /home/sydney/HeliosOS/app/ai_client.py:242]
2025-08-10 01:17:21,903 ERROR: Request failed for model facebook/bart-large-cnn: 401 Client Error: Unauthorized for url: https://api-inference.huggingface.co/models/facebook/bart-large-cnn [in /home/sydney/HeliosOS/app/ai_client.py:65]
2025-08-10 01:17:24,168 ERROR: Request failed for model facebook/bart-large-cnn: 401 Client Error: Unauthorized for url: https://api-inference.huggingface.co/models/facebook/bart-large-cnn [in /home/sydney/HeliosOS/app/ai_client.py:65]
2025-08-10 01:17:26,485 ERROR: Request failed for model facebook/bart-large-cnn: 401 Client Error: Unauthorized for url: https://api-inference.huggingface.co/models/facebook/bart-large-cnn [in /home/sydney/HeliosOS/app/ai_client.py:65]
2025-08-10 01:17:26,486 ERROR: Summarization failed: RetryError[<Future at 0x7f465b1968d0 state=finished raised AIServiceError>] [in /home/sydney/HeliosOS/app/ai_client.py:108]
2025-08-10 01:17:26,486 WARNING: Database not available, skipping logging: The current Flask app is not registered with this 'SQLAlchemy' instance. Did you forget to call 'init_app', or did you create multiple 'SQLAlchemy' instances? [in /home/sydney/HeliosOS/app/ai_client.py:242]
2025-08-10 01:17:51,601 ERROR: Request failed for model facebook/bart-large-cnn: 401 Client Error: Unauthorized for url: https://api-inference.huggingface.co/models/facebook/bart-large-cnn [in /home/sydney/HeliosOS/app/ai_client.py:65]
2025-08-10 01:17:54,272 ERROR: Request failed for model facebook/bart-large-cnn: 401 Client Error: Unauthorized for url: https://api-inference.huggingface.co/models/facebook/bart-large-cnn [in /home/sydney/HeliosOS/app/ai_client.py:65]
2025-08-10 01:17:56,515 ERROR: Request failed for model facebook/bart-large-cnn: 401 Client Error: Unauthorized for url: https://api-inference.huggingface.co/models/facebook/bart-large-cnn [in /home/sydney/HeliosOS/app/ai_client.py:65]
2025-08-10 01:17:56,515 ERROR: Summarization failed: RetryError[<Future at 0x7f465b194530 state=finished raised AIServiceError>] [in /home/sydney/HeliosOS/app/ai_client.py:108]
2025-08-10 01:17:56,516 WARNING: Database not available, skipping logging: The current Flask app is not registered with this 'SQLAlchemy' instance. Did you forget to call 'init_app', or did you create multiple 'SQLAlchemy' instances? [in /home/sydney/HeliosOS/app/ai_client.py:242]
2025-08-10 01:18:01,681 ERROR: Request failed for model facebook/bart-large-cnn: 401 Client Error: Unauthorized for url: https://api-inference.huggingface.co/models/facebook/bart-large-cnn [in /home/sydney/HeliosOS/app/ai_client.py:65]
2025-08-10 01:18:03,917 ERROR: Request failed for model facebook/bart-large-cnn: 401 Client Error: Unauthorized for url: https://api-inference.huggingface.co/models/facebook/bart-large-cnn [in /home/sydney/HeliosOS/app/ai_client.py:65]
2025-08-10 01:18:06,154 ERROR: Request failed for model facebook/bart-large-cnn: 401 Client Error: Unauthorized for url: https://api-inference.huggingface.co/models/facebook/bart-large-cnn [in /home/sydney/HeliosOS/app/ai_client.py:65]
2025-08-10 01:18:06,155 ERROR: Summarization failed: RetryError[<Future at 0x7f465b947d10 state=finished raised AIServiceError>] [in /home/sydney/HeliosOS/app/ai_client.py:108]
2025-08-10 01:18:06,156 WARNING: Database not available, skipping logging: The current Flask app is not registered with this 'SQLAlchemy' instance. Did you forget to call 'init_app', or did you create multiple 'SQLAlchemy' instances? [in /home/sydney/HeliosOS/app/ai_client.py:242]
2025-08-10 01:18:21,803 ERROR: Request failed for model facebook/bart-large-cnn: 401 Client Error: Unauthorized for url: https://api-inference.huggingface.co/models/facebook/bart-large-cnn [in /home/sydney/HeliosOS/app/ai_client.py:65]
2025-08-10 01:18:24,055 ERROR: Request failed for model facebook/bart-large-cnn: 401 Client Error: Unauthorized for url: https://api-inference.huggingface.co/models/facebook/bart-large-cnn [in /home/sydney/HeliosOS/app/ai_client.py:65]
2025-08-10 01:18:26,296 ERROR: Request failed for model facebook/bart-large-cnn: 401 Client Error: Unauthorized for url: https://api-inference.huggingface.co/models/facebook/bart-large-cnn [in /home/sydney/HeliosOS/app/ai_client.py:65]
2025-08-10 01:18:26,297 ERROR: Summarization failed: RetryError[<Future at 0x7f465b195fd0 state=finished raised AIServiceError>] [in /home/sydney/HeliosOS/app/ai_client.py:108]
2025-08-10 01:18:26,298 WARNING: Database not available, skipping logging: The current Flask app is not registered with this 'SQLAlchemy' instance. Did you forget to call 'init_app', or did you create multiple 'SQLAlchemy' instances? [in /home/sydney/HeliosOS/app/ai_client.py:242]
2025-08-10 01:18:51,791 ERROR: Request failed for model facebook/bart-large-cnn: 401 Client Error: Unauthorized for url: https://api-inference.huggingface.co/models/facebook/bart-large-cnn [in /home/sydney/HeliosOS/app/ai_client.py:65]
2025-08-10 01:18:54,025 ERROR: Request failed for model facebook/bart-large-cnn: 401 Client Error: Unauthorized for url: https://api-inference.huggingface.co/models/facebook/bart-large-cnn [in /home/sydney/HeliosOS/app/ai_client.py:65]
2025-08-10 01:18:56,273 ERROR: Request failed for model facebook/bart-large-cnn: 401 Client Error: Unauthorized for url: https://api-inference.huggingface.co/models/facebook/bart-large-cnn [in /home/sydney/HeliosOS/app/ai_client.py:65]
2025-08-10 01:18:56,274 ERROR: Summarization failed: RetryError[<Future at 0x7f465b195af0 state=finished raised AIServiceError>] [in /home/sydney/HeliosOS/app/ai_client.py:108]
2025-08-10 01:18:56,274 WARNING: Database not available, skipping logging: The current Flask app is not registered with this 'SQLAlchemy' instance. Did you forget to call 'init_app', or did you create multiple 'SQLAlchemy' instances? [in /home/sydney/HeliosOS/app/ai_client.py:242]
2025-08-10 01:19:02,046 ERROR: Request failed for model facebook/bart-large-cnn: 401 Client Error: Unauthorized for url: https://api-inference.huggingface.co/models/facebook/bart-large-cnn [in /home/sydney/HeliosOS/app/ai_client.py:65]
2025-08-10 01:19:04,416 ERROR: Request failed for model facebook/bart-large-cnn: 401 Client Error: Unauthorized for url: https://api-inference.huggingface.co/models/facebook/bart-large-cnn [in /home/sydney/HeliosOS/app/ai_client.py:65]
2025-08-10 01:19:06,777 ERROR: Request failed for model facebook/bart-large-cnn: 401 Client Error: Unauthorized for url: https://api-inference.huggingface.co/models/facebook/bart-large-cnn [in /home/sydney/HeliosOS/app/ai_client.py:65]
2025-08-10 01:19:06,777 ERROR: Summarization failed: RetryError[<Future at 0x7f465b196030 state=finished raised AIServiceError>] [in /home/sydney/HeliosOS/app/ai_client.py:108]
2025-08-10 01:19:06,777 WARNING: Database not available, skipping logging: The current Flask app is not registered with this 'SQLAlchemy' instance. Did you forget to call 'init_app', or did you create multiple 'SQLAlchemy' instances? [in /home/sydney/HeliosOS/app/ai_client.py:242]
2025-08-10 01:19:21,677 ERROR: Request failed for model facebook/bart-large-cnn: 401 Client Error: Unauthorized for url: https://api-inference.huggingface.co/models/facebook/bart-large-cnn [in /home/sydney/HeliosOS/app/ai_client.py:65]
2025-08-10 01:19:23,915 ERROR: Request failed for model facebook/bart-large-cnn: 401 Client Error: Unauthorized for url: https://api-inference.huggingface.co/models/facebook/bart-large-cnn [in /home/sydney/HeliosOS/app/ai_client.py:65]
2025-08-10 01:19:26,165 ERROR: Request failed for model facebook/bart-large-cnn: 401 Client Error: Unauthorized for url: https://api-inference.huggingface.co/models/facebook/bart-large-cnn [in /home/sydney/HeliosOS/app/ai_client.py:65]
2025-08-10 01:19:26,165 ERROR: Summarization failed: RetryError[<Future at 0x7f465b197020 state=finished raised AIServiceError>] [in /home/sydney/HeliosOS/app/ai_client.py:108]
2025-08-10 01:19:26,166 WARNING: Database not available, skipping logging: The current Flask app is not registered with this 'SQLAlchemy' instance. Did you forget to call 'init_app', or did you create multiple 'SQLAlchemy' instances? [in /home/sydney/HeliosOS/app/ai_client.py:242]
2025-08-10 01:20:03,761 ERROR: Request failed for model facebook/bart-large-cnn: 401 Client Error: Unauthorized for url: https://api-inference.huggingface.co/models/facebook/bart-large-cnn [in /home/sydney/HeliosOS/app/ai_client.py:65]
2025-08-10 01:20:03,768 ERROR: Request failed for model facebook/bart-large-cnn: 401 Client Error: Unauthorized for url: https://api-inference.huggingface.co/models/facebook/bart-large-cnn [in /home/sydney/HeliosOS/app/ai_client.py:65]
2025-08-10 01:20:06,006 ERROR: Request failed for model facebook/bart-large-cnn: 401 Client Error: Unauthorized for url: https://api-inference.huggingface.co/models/facebook/bart-large-cnn [in /home/sydney/HeliosOS/app/ai_client.py:65]
2025-08-10 01:20:06,018 ERROR: Request failed for model facebook/bart-large-cnn: 401 Client Error: Unauthorized for url: https://api-inference.huggingface.co/models/facebook/bart-large-cnn [in /home/sydney/HeliosOS/app/ai_client.py:65]
2025-08-10 01:20:08,269 ERROR: Request failed for model facebook/bart-large-cnn: 401 Client Error: Unauthorized for url: https://api-inference.huggingface.co/models/facebook/bart-large-cnn [in /home/sydney/HeliosOS/app/ai_client.py:65]
2025-08-10 01:20:08,270 ERROR: Summarization failed: RetryError[<Future at 0x7f465b197d40 state=finished raised AIServiceError>] [in /home/sydney/HeliosOS/app/ai_client.py:108]
2025-08-10 01:20:08,270 WARNING: Database not available, skipping logging: The current Flask app is not registered with this 'SQLAlchemy' instance. Did you forget to call 'init_app', or did you create multiple 'SQLAlchemy' instances? [in /home/sydney/HeliosOS/app/ai_client.py:242]
2025-08-10 01:20:08,277 ERROR: Request failed for model facebook/bart-large-cnn: 401 Client Error: Unauthorized for url: https://api-inference.huggingface.co/models/facebook/bart-large-cnn [in /home/sydney/HeliosOS/app/ai_client.py:65]
2025-08-10 01:20:08,278 ERROR: Summarization failed: RetryError[<Future at 0x7f465b194140 state=finished raised AIServiceError>] [in /home/sydney/HeliosOS/app/ai_client.py:108]
2025-08-10 01:20:08,278 WARNING: Database not available, skipping logging: The current Flask app is not registered with this 'SQLAlchemy' instance. Did you forget to call 'init_app', or did you create multiple 'SQLAlchemy' instances? [in /home/sydney/HeliosOS/app/ai_client.py:242]
2025-08-10 01:21:03,565 ERROR: Request failed for model facebook/bart-large-cnn: 401 Client Error: Unauthorized for url: https://api-inference.huggingface.co/models/facebook/bart-large-cnn [in /home/sydney/HeliosOS/app/ai_client.py:65]
2025-08-10 01:21:06,076 ERROR: Request failed for model facebook/bart-large-cnn: 401 Client Error: Unauthorized for url: https://api-inference.huggingface.co/models/facebook/bart-large-cnn [in /home/sydney/HeliosOS/app/ai_client.py:65]
2025-08-10 01:21:08,376 ERROR: Request failed for model facebook/bart-large-cnn: 401 Client Error: Unauthorized for url: https://api-inference.huggingface.co/models/facebook/bart-large-cnn [in /home/sydney/HeliosOS/app/ai_client.py:65]
2025-08-10 01:21:08,377 ERROR: Summarization failed: RetryError[<Future at 0x7f465b1bc740 state=finished raised AIServiceError>] [in /home/sydney/HeliosOS/app/ai_client.py:108]
2025-08-10 01:21:08,379 WARNING: Database not available, skipping logging: The current Flask app is not registered with this 'SQLAlchemy' instance. Did you forget to call 'init_app', or did you create multiple 'SQLAlchemy' instances? [in /home/sydney/HeliosOS/app/ai_client.py:242]
